> Task :gradle-plugin:settings-plugin:checkKotlinGradlePluginConfigurationErrors
> Task :gradle-plugin:shared:checkKotlinGradlePluginConfigurationErrors
> Task :gradle-plugin:shared:compileKotlin UP-TO-DATE
> Task :gradle-plugin:shared:compileJava NO-SOURCE
> Task :gradle-plugin:shared:processResources NO-SOURCE
> Task :gradle-plugin:shared:classes UP-TO-DATE
> Task :gradle-plugin:shared:jar UP-TO-DATE
> Task :gradle-plugin:settings-plugin:compileKotlin UP-TO-DATE
> Task :gradle-plugin:settings-plugin:compileJava NO-SOURCE
> Task :gradle-plugin:settings-plugin:pluginDescriptors UP-TO-DATE
> Task :gradle-plugin:settings-plugin:processResources UP-TO-DATE
> Task :gradle-plugin:settings-plugin:classes UP-TO-DATE
> Task :gradle-plugin:settings-plugin:jar UP-TO-DATE
> Task :gradle-plugin:react-native-gradle-plugin:checkKotlinGradlePluginConfigurationErrors
> Task :gradle-plugin:react-native-gradle-plugin:compileKotlin UP-TO-DATE
> Task :gradle-plugin:react-native-gradle-plugin:compileJava NO-SOURCE
> Task :gradle-plugin:react-native-gradle-plugin:pluginDescriptors UP-TO-DATE
> Task :gradle-plugin:react-native-gradle-plugin:processResources UP-TO-DATE
> Task :gradle-plugin:react-native-gradle-plugin:classes UP-TO-DATE
> Task :gradle-plugin:react-native-gradle-plugin:jar UP-TO-DATE

> Configure project :react-native-reanimated
Android gradle plugin: 8.7.3
Gradle: 8.13

> Task :app:generateAutolinkingPackageList UP-TO-DATE
> Task :app:generateCodegenSchemaFromJavaScript SKIPPED
> Task :app:generateCodegenArtifactsFromSchema SKIPPED
> Task :app:preBuild UP-TO-DATE
> Task :app:preDebugBuild UP-TO-DATE
> Task :app:mergeDebugNativeDebugMetadata NO-SOURCE
> Task :app:checkKotlinGradlePluginConfigurationErrors
> Task :app:generateDebugBuildConfig UP-TO-DATE
> Task :react-native-async-storage_async-storage:preBuild UP-TO-DATE
> Task :react-native-async-storage_async-storage:preDebugBuild UP-TO-DATE
> Task :react-native-async-storage_async-storage:writeDebugAarMetadata UP-TO-DATE
> Task :react-native-clipboard_clipboard:preBuild UP-TO-DATE
> Task :react-native-clipboard_clipboard:preDebugBuild UP-TO-DATE
> Task :react-native-clipboard_clipboard:writeDebugAarMetadata UP-TO-DATE
> Task :react-native-document-picker:preBuild UP-TO-DATE
> Task :react-native-document-picker:preDebugBuild UP-TO-DATE
> Task :react-native-document-picker:writeDebugAarMetadata UP-TO-DATE
> Task :react-native-fs:preBuild UP-TO-DATE
> Task :react-native-fs:preDebugBuild UP-TO-DATE
> Task :react-native-fs:writeDebugAarMetadata UP-TO-DATE
> Task :react-native-gesture-handler:preBuild UP-TO-DATE
> Task :react-native-gesture-handler:preDebugBuild UP-TO-DATE
> Task :react-native-gesture-handler:writeDebugAarMetadata UP-TO-DATE
> Task :react-native-linear-gradient:preBuild UP-TO-DATE
> Task :react-native-linear-gradient:preDebugBuild UP-TO-DATE
> Task :react-native-linear-gradient:writeDebugAarMetadata UP-TO-DATE
> Task :react-native-reanimated:assertLatestReactNativeWithNewArchitectureTask SKIPPED
> Task :react-native-reanimated:assertMinimalReactNativeVersionTask SKIPPED
> Task :react-native-reanimated:prepareHeadersForPrefab UP-TO-DATE
> Task :react-native-reanimated:preBuild UP-TO-DATE
> Task :react-native-reanimated:preDebugBuild UP-TO-DATE
> Task :react-native-reanimated:writeDebugAarMetadata UP-TO-DATE
> Task :react-native-safe-area-context:preBuild UP-TO-DATE
> Task :react-native-safe-area-context:preDebugBuild UP-TO-DATE
> Task :react-native-safe-area-context:writeDebugAarMetadata UP-TO-DATE
> Task :react-native-screens:preBuild UP-TO-DATE
> Task :react-native-screens:preDebugBuild UP-TO-DATE
> Task :react-native-screens:writeDebugAarMetadata UP-TO-DATE
> Task :react-native-svg:preBuild UP-TO-DATE
> Task :react-native-svg:preDebugBuild UP-TO-DATE
> Task :react-native-svg:writeDebugAarMetadata UP-TO-DATE
> Task :react-native-webrtc:preBuild UP-TO-DATE
> Task :react-native-webrtc:preDebugBuild UP-TO-DATE
> Task :react-native-webrtc:writeDebugAarMetadata UP-TO-DATE
> Task :app:checkDebugAarMetadata UP-TO-DATE

> Task :app:createBundleDebugJsAndAssets
debug Reading Metro config from C:\NEERAJ VENU\PROJECTS\SuperDesk Mob\SuperDesk-Android\metro.config.js
warning: the transform cache was reset.
                Welcome to Metro v0.80.12
              Fast - Scalable - Integrated


info Writing bundle output to: android\app\build\generated\assets\createBundleDebugJsAndAssets\index.android.bundle
info Writing sourcemap output to: android\app\build\intermediates\sourcemaps\react\debug\index.android.bundle.packager.map
info Done writing sourcemap output
info Done writing bundle output
info Copying 7 asset files
info Done copying assets
.\gradlew : android\app\build\generated\asse
ts\createBundleDebugJsAndAssets\index.androi
d.bundle:1327:18: warning: the variable 
"DebuggerInternal" was not declared in 
function "__shouldPauseOnThrow"
At line:1 char:1
+ .\gradlew assembleDebug 2>&1 | Out-File 
-FilePath build.log -Encoding ...
+ ~~~~~~~~~~~~~~~~~~~~~~~~~~~~
    + CategoryInfo          : NotSpecified: 
    (android\app\bui...ldPauseOnThrow":Str  
  ing) [], RemoteException
    + FullyQualifiedErrorId : NativeCommand 
   Error
 
          typeof DebuggerInternal !== 
'undefined' &&
                 ^~~~~~~~~~~~~~~~
android\app\build\generated\assets\createBun
dleDebugJsAndAssets\index.android.bundle:639
5:7: warning: the variable "setTimeout" was 
not declared in function "logCapturedError"
      setTimeout(function () {
      ^~~~~~~~~~
android\app\build\generated\assets\createBun
dleDebugJsAndAssets\index.android.bundle:462
9:31: warning: the variable 
"nativeFabricUIManager" was not declared in 
anonymous function " 134#"
  var _nativeFabricUIManage = 
nativeFabricUIManager,
                              
^~~~~~~~~~~~~~~~~~~~~
android\app\build\generated\assets\createBun
dleDebugJsAndAssets\index.android.bundle:465
7:21: warning: the variable "clearTimeout" 
was not declared in anonymous function " 
134#"
    cancelTimeout = clearTimeout;
                    ^~~~~~~~~~~~
android\app\build\generated\assets\createBun
dleDebugJsAndAssets\index.android.bundle:467
0:51: warning: the variable 
"RN$enableMicrotasksInReact" was not 
declared in anonymous function " 134#"
... "undefined" !== typeof 
RN$enableMicrotasksInReact && 
!!RN$enableMicrotask...
                           
^~~~~~~~~~~~~~~~~~~~~~~~~~
android\app\build\generated\assets\createBun
dleDebugJsAndAssets\index.android.bundle:467
1:47: warning: the variable 
"queueMicrotask" was not declared in 
anonymous function " 134#"
...otask = "function" === typeof 
queueMicrotask ? queueMicrotask : 
scheduleTi...
                                 
^~~~~~~~~~~~~~
android\app\build\generated\assets\createBun
dleDebugJsAndAssets\index.android.bundle:909
2:30: warning: the variable 
"__REACT_DEVTOOLS_GLOBAL_HOOK__" was not 
declared in anonymous function " 134#"
  if ("undefined" !== typeof 
__REACT_DEVTOOLS_GLOBAL_HOOK__) {
                             
^~~~~~~~~~~~~~~~~~~~~~~~~~~~~~
android\app\build\generated\assets\createBun
dleDebugJsAndAssets\index.android.bundle:116
34:5: warning: the variable "setImmediate" 
was not declared in function 
"handleResolved"
    setImmediate(function () {
    ^~~~~~~~~~~~
android\app\build\generated\assets\createBun
dleDebugJsAndAssets\index.android.bundle:162
15:12: warning: the variable "fetch" was 
not declared in anonymous function " 386#"
    fetch: fetch,
           ^~~~~
android\app\build\generated\assets\createBun
dleDebugJsAndAssets\index.android.bundle:162
16:14: warning: the variable "Headers" was 
not declared in anonymous function " 386#"
    Headers: Headers,
             ^~~~~~~
android\app\build\generated\assets\createBun
dleDebugJsAndAssets\index.android.bundle:162
17:14: warning: the variable "Request" was 
not declared in anonymous function " 386#"
    Request: Request,
             ^~~~~~~
android\app\build\generated\assets\createBun
dleDebugJsAndAssets\index.android.bundle:162
18:15: warning: the variable "Response" was 
not declared in anonymous function " 386#"
    Response: Response
              ^~~~~~~~
android\app\build\generated\assets\createBun
dleDebugJsAndAssets\index.android.bundle:163
75:24: warning: the variable "FileReader" 
was not declared in function 
"readBlobAsArrayBuffer"
      var reader = new FileReader();
                       ^~~~~~~~~~
android\app\build\generated\assets\createBun
dleDebugJsAndAssets\index.android.bundle:164
26:36: warning: the variable "Blob" was not 
declared in anonymous function " 397#"
        } else if (support.blob && 
Blob.prototype.isPrototypeOf(body)) {
                                   ^~~~
android\app\build\generated\assets\createBun
dleDebugJsAndAssets\index.android.bundle:164
28:40: warning: the variable "FormData" was 
not declared in anonymous function " 397#"
        } else if (support.formData && 
FormData.prototype.isPrototypeOf(body)) {
                                       
^~~~~~~~
android\app\build\generated\assets\createBun
dleDebugJsAndAssets\index.android.bundle:164
30:44: warning: the variable 
"URLSearchParams" was not declared in 
anonymous function " 397#"
...e if (support.searchParams && URLSearchPa
rams.prototype.isPrototypeOf(body...
                                 
^~~~~~~~~~~~~~~
android\app\build\generated\assets\createBun
dleDebugJsAndAssets\index.android.bundle:165
49:26: warning: the variable 
"AbortController" was not declared in 
anonymous function " 403#"
          var ctrl = new AbortController();
                         ^~~~~~~~~~~~~~~
android\app\build\generated\assets\createBun
dleDebugJsAndAssets\index.android.bundle:166
83:23: warning: the variable 
"XMLHttpRequest" was not declared in 
anonymous function " 407#"
        var xhr = new XMLHttpRequest();
                      ^~~~~~~~~~~~~~
android\app\build\generated\assets\createBun
dleDebugJsAndAssets\index.android.bundle:162
28:71: warning: the variable "self" was not 
declared in anonymous function " 389#"
...undefined' && globalThis || typeof self 
!== 'undefined' && self ||
                                      ^~~~
android\app\build\generated\assets\createBun
dleDebugJsAndAssets\index.android.bundle:265
25:26: warning: the variable "navigator" 
was not declared in anonymous function " 
698#"
  "undefined" !== typeof navigator && 
undefined !== navigator.scheduling && u...
                         ^~~~~~~~~
android\app\build\generated\assets\createBun
dleDebugJsAndAssets\index.android.bundle:266
35:37: warning: the variable 
"MessageChannel" was not declared in 
anonymous function " 698#"
  };else if ("undefined" !== typeof 
MessageChannel) {
                                    
^~~~~~~~~~~~~~
android\app\build\generated\assets\createBun
dleDebugJsAndAssets\index.android.bundle:266
50:34: warning: the variable 
"nativeRuntimeScheduler" was not declared 
in anonymous function " 698#"
... = "undefined" !== typeof 
nativeRuntimeScheduler ? 
nativeRuntimeScheduler....
                             
^~~~~~~~~~~~~~~~~~~~~~
android\app\build\generated\assets\createBun
dleDebugJsAndAssets\index.android.bundle:356
33:34: warning: the variable 
"requestAnimationFrame" was not declared in 
function "start 9#"
...    this._animationFrame = requestAnimati
onFrame(this.onUpdate.bind(this));
                              
^~~~~~~~~~~~~~~~~~~~~
android\app\build\generated\assets\createBun
dleDebugJsAndAssets\index.android.bundle:611
11:16: warning: the variable 
"SharedArrayBuffer" was not declared in 
function "from"
    if (typeof SharedArrayBuffer !== 
'undefined' && (isInstance(value, Shared...
               ^~~~~~~~~~~~~~~~~
android\app\build\generated\assets\createBun
dleDebugJsAndAssets\index.android.bundle:657
86:16: warning: the variable "crypto" was 
not declared in function 
"generatePKCEVerifier"
    if (typeof crypto === 'undefined') {
               ^~~~~~
android\app\build\generated\assets\createBun
dleDebugJsAndAssets\index.android.bundle:658
03:25: warning: the variable "TextEncoder" 
was not declared in function "?anon_0_ 52#"
      var encoder = new TextEncoder();
                        ^~~~~~~~~~~
android\app\build\generated\assets\createBun
dleDebugJsAndAssets\index.android.bundle:658
24:14: warning: the variable "btoa" was not 
declared in function "?anon_0_ 53#"
      return btoa(hashed).replace(/\+/g, 
'-').replace(/\//g, '_').replace(/=+...
             ^~~~
android\app\build\generated\assets\createBun
dleDebugJsAndAssets\index.android.bundle:677
66:115: warning: the variable "TextDecoder" 
was not declared in function "?anon_0_ 76#"
...utToProcess.signedMessage : new TextDecod
er().decode(outputToProcess.signe...
                                   
^~~~~~~~~~~
android\app\build\generated\assets\createBun
dleDebugJsAndAssets\index.android.bundle:699
16:24: warning: the variable "setInterval" 
was not declared in function "?anon_0_ 140#"
          var ticker = setInterval(function 
() {
                       ^~~~~~~~~~~
android\app\build\generated\assets\createBun
dleDebugJsAndAssets\index.android.bundle:699
61:13: warning: the variable 
"clearInterval" was not declared in 
function "?anon_0_ 142#"
            clearInterval(ticker);
            ^~~~~~~~~~~~~
android\app\build\generated\assets\createBun
dleDebugJsAndAssets\index.android.bundle:710
69:7: warning: the variable "__magic__" was 
not declared in function 
"polyfillGlobalThis"
      __magic__.globalThis = __magic__;
      ^~~~~~~~~
android\app\build\generated\assets\createBun
dleDebugJsAndAssets\index.android.bundle:714
64:16: warning: the variable 
"PublicKeyCredential" was not declared in 
function 
"deserializeCredentialCreationOptions"
    if (typeof PublicKeyCredential !== 
'undefined' && 'parseCreationOptionsFr...
               ^~~~~~~~~~~~~~~~~~~
android\app\build\generated\assets\createBun
dleDebugJsAndAssets\index.android.bundle:723
20:37: warning: the variable "AbortSignal" 
was not declared in function 
"identifyRegistrationError"
      if (options.signal instanceof 
AbortSignal) {
                                    
^~~~~~~~~~~
android\app\build\generated\assets\createBun
dleDebugJsAndAssets\index.android.bundle:745
80:27: warning: the variable 
"ReadableStream" was not declared in 
function "?anon_0_ 202#"
              if ((typeof ReadableStream 
!== "undefined" && body instanceof R...
                          ^~~~~~~~~~~~~~
android\app\build\generated\assets\createBun
dleDebugJsAndAssets\index.android.bundle:755
63:20: warning: the variable "Buffer" was 
not declared in function "toBase64"
        if (typeof Buffer !== "undefined") 
return Buffer.from(data).toString(...
                   ^~~~~~
android\app\build\generated\assets\createBun
dleDebugJsAndAssets\index.android.bundle:799
86:30: warning: the variable "Worker" was 
not declared in function 
"_startWorkerHeartbeat"
        this.workerRef = new 
Worker(objectUrl);
                             ^~~~~~
android\app\build\generated\assets\createBun
dleDebugJsAndAssets\index.android.bundle:802
93:20: warning: the variable "WebSocket" 
was not declared in function 
"detectEnvironment"
        if (typeof WebSocket !== 
'undefined') {
                   ^~~~~~~~~
android\app\build\generated\assets\createBun
dleDebugJsAndAssets\index.android.bundle:926
46:158: warning: the variable "File" was 
not declared in function "isBinary"
...| withNativeFile && obj instanceof File;
                                      ^~~~
android\app\build\generated\assets\createBun
dleDebugJsAndAssets\index.android.bundle:934
89:35: warning: the variable 
"addEventListener" was not declared in 
anonymous function " 3038#"
... withEventListeners = typeof 
addEventListener === "function" && typeof 
rem...
                                
^~~~~~~~~~~~~~~~
android\app\build\generated\assets\createBun
dleDebugJsAndAssets\index.android.bundle:934
89:77: warning: the variable 
"removeEventListener" was not declared in 
anonymous function " 3038#"
...er === "function" && typeof 
removeEventListener === "function";
                               
^~~~~~~~~~~~~~~~~~~
android\app\build\generated\assets\createBun
dleDebugJsAndAssets\index.android.bundle:935
60:65: warning: the variable "location" was 
not declared in function 
"SocketWithoutUpgrade"
...ts.secure ? opts.secure : typeof 
location !== "undefined" && "https:" === ...
                                    ^~~~~~~~
android\app\build\generated\assets\createBun
dleDebugJsAndAssets\index.android.bundle:949
60:16: warning: the variable 
"TransformStream" was not declared in 
function "createPacketEncoderStream"
    return new TransformStream({
               ^~~~~~~~~~~~~~~
android\app\build\generated\assets\createBun
dleDebugJsAndAssets\index.android.bundle:957
30:33: warning: the variable "WebTransport" 
was not declared in function "doOpen 1#"
          this._transport = new 
WebTransport(this.createUri("https"), 
this.op...
                                ^~~~~~~~~~~~
android\app\build\generated\assets\createBun
dleDebugJsAndAssets\index.android.bundle:960
61:16: warning: the variable "attachEvent" 
was not declared in anonymous function " 
3124#"
    if (typeof attachEvent === "function") {
               ^~~~~~~~~~~
android\app\build\generated\assets\createBun
dleDebugJsAndAssets\index.android.bundle:998
40:18: warning: the variable 
"dispatchEvent" was not declared in 
function "reportError 1#"
      if (typeof dispatchEvent === 
"function" && typeof ErrorEvent === 
"funct...
                 ^~~~~~~~~~~~~
android\app\build\generated\assets\createBun
dleDebugJsAndAssets\index.android.bundle:998
40:57: warning: the variable "ErrorEvent" 
was not declared in function "reportError 
1#"
...hEvent === "function" && typeof 
ErrorEvent === "function") {
                                   
^~~~~~~~~~
android\app\build\generated\assets\createBun
dleDebugJsAndAssets\index.android.bundle:113
934:11: warning: the variable "_WORKLET" 
was not declared in function 
"assertEasingIsWorklet"
      if (_WORKLET) {
          ^~~~~~~~
android\app\build\generated\assets\createBun
dleDebugJsAndAssets\index.android.bundle:115
846:26: warning: Direct call to eval(), but 
lexical scope is not supported.
            workletFun = eval('(' + 
initData.code + '\n)');
                         
^~~~~~~~~~~~~~~~~~~~~~~~~~~~~~~~~
android\app\build\generated\assets\createBun
dleDebugJsAndAssets\index.android.bundle:115
869:112: warning: the variable "_toString" 
was not declared in function "valueUnpacker"
...recognized by value unpacker: 
"${_toString(objectToUnpack)}".`);
                                    
^~~~~~~~~
android\app\build\generated\assets\createBun
dleDebugJsAndAssets\index.android.bundle:130
628:27: warning: the variable "HTMLElement" 
was not declared in function 
"findDescendantWithExitingAnimation"
    if (!(node instanceof HTMLElement)) {
                          ^~~~~~~~~~~
android\app\build\generated\assets\createBun
dleDebugJsAndAssets\index.android.bundle:130
655:24: warning: the variable 
"MutationObserver" was not declared in 
function "addHTMLMutationObserver"
    var observer = new 
MutationObserver(function (mutationsList) {
                       ^~~~~~~~~~~~~~~~
android\app\build\generated\assets\createBun
dleDebugJsAndAssets\index.android.bundle:132
850:41: warning: the variable 
"getComputedStyle" was not declared in 
function "fixElementPosition"
...entBorderTopValue = parseInt(getComputedS
tyle(parent).borderTopWidth);
                                
^~~~~~~~~~~~~~~~
android\app\build\generated\assets\createBun
dleDebugJsAndAssets\index.android.bundle:133
186:26: warning: the variable 
"structuredClone" was not declared in 
function "createAnimationWithInitialValues"
    var animationStyle = structuredClone(_$$
_REQUIRE(_dependencyMap[6]).Anima...
                         ^~~~~~~~~~~~~~~
android\app\build\generated\assets\createBun
dleDebugJsAndAssets\index.android.bundle:137
036:26: warning: the variable 
"_getAnimationTimestamp" was not declared 
in function "computeEasingProgress"
      var elapsedTime = 
(_getAnimationTimestamp() - 
startingTimestamp) / 1000;
                         
^~~~~~~~~~~~~~~~~~~~~~
android\app\build\generated\assets\createBun
dleDebugJsAndAssets\index.android.bundle:137
406:5: warning: the variable "jest" was not 
declared in function "beforeTest"
    jest.useFakeTimers();
    ^~~~
android\app\build\generated\assets\createBun
dleDebugJsAndAssets\index.android.bundle:150
547:31: warning: the variable "Node" was 
not declared in anonymous function " 5291#"
        if (node.nodeType === 
Node.ELEMENT_NODE) {
                              ^~~~
android\app\build\generated\assets\createBun
dleDebugJsAndAssets\index.android.bundle:150
554:20: warning: the variable "NodeFilter" 
was not declared in anonymous function " 
5291#"
            return NodeFilter.FILTER_ACCEPT;
                   ^~~~~~~~~~
android\app\build\generated\assets\createBun
dleDebugJsAndAssets\index.android.bundle:153
629:37: warning: the variable "MSApp" was 
not declared in anonymous function " 5517#"
      return "undefined" !== typeof MSApp 
&& MSApp.execUnsafeLocalFunction ? ...
                                    ^~~~~
android\app\build\generated\assets\createBun
dleDebugJsAndAssets\index.android.bundle:159
927:34: warning: the variable "reportError" 
was not declared in anonymous function " 
5484#"
  var kl = "function" === typeof 
reportError ? reportError : function (a) {
                                 ^~~~~~~~~~~

> Task :app:generateDebugResValues UP-TO-DATE
> Task :react-native-async-storage_async-storage:generateDebugResValues UP-TO-DATE
> Task :react-native-async-storage_async-storage:generateDebugResources UP-TO-DATE
> Task :react-native-async-storage_async-storage:packageDebugResources UP-TO-DATE
> Task :react-native-clipboard_clipboard:generateDebugResValues UP-TO-DATE
> Task :react-native-clipboard_clipboard:generateDebugResources UP-TO-DATE
> Task :react-native-clipboard_clipboard:packageDebugResources UP-TO-DATE
> Task :react-native-document-picker:generateDebugResValues UP-TO-DATE
> Task :react-native-document-picker:generateDebugResources UP-TO-DATE
> Task :react-native-document-picker:packageDebugResources UP-TO-DATE
> Task :react-native-fs:generateDebugResValues UP-TO-DATE
> Task :react-native-fs:generateDebugResources UP-TO-DATE
> Task :react-native-fs:packageDebugResources UP-TO-DATE
> Task :react-native-gesture-handler:generateDebugResValues UP-TO-DATE
> Task :react-native-gesture-handler:generateDebugResources UP-TO-DATE
> Task :react-native-gesture-handler:packageDebugResources UP-TO-DATE
> Task :react-native-linear-gradient:generateDebugResValues UP-TO-DATE
> Task :react-native-linear-gradient:generateDebugResources UP-TO-DATE
> Task :react-native-linear-gradient:packageDebugResources UP-TO-DATE
> Task :react-native-reanimated:generateDebugResValues UP-TO-DATE
> Task :react-native-reanimated:generateDebugResources UP-TO-DATE
> Task :react-native-reanimated:packageDebugResources UP-TO-DATE
> Task :react-native-safe-area-context:generateDebugResValues UP-TO-DATE
> Task :react-native-safe-area-context:generateDebugResources UP-TO-DATE
> Task :react-native-safe-area-context:packageDebugResources UP-TO-DATE
> Task :react-native-screens:generateDebugResValues UP-TO-DATE
> Task :react-native-screens:generateDebugResources UP-TO-DATE
> Task :react-native-screens:packageDebugResources UP-TO-DATE
> Task :react-native-svg:generateDebugResValues UP-TO-DATE
> Task :react-native-svg:generateDebugResources UP-TO-DATE
> Task :react-native-svg:packageDebugResources UP-TO-DATE
> Task :react-native-webrtc:generateDebugResValues UP-TO-DATE
> Task :react-native-webrtc:generateDebugResources UP-TO-DATE
> Task :react-native-webrtc:packageDebugResources UP-TO-DATE
> Task :app:mapDebugSourceSetPaths UP-TO-DATE
> Task :app:generateDebugResources UP-TO-DATE
> Task :app:mergeDebugResources UP-TO-DATE
> Task :app:packageDebugResources UP-TO-DATE
> Task :app:parseDebugLocalResources UP-TO-DATE
> Task :app:createDebugCompatibleScreenManifests UP-TO-DATE
> Task :app:extractDeepLinksDebug UP-TO-DATE
> Task :react-native-async-storage_async-storage:extractDeepLinksDebug UP-TO-DATE
> Task :react-native-async-storage_async-storage:processDebugManifest UP-TO-DATE
> Task :react-native-clipboard_clipboard:extractDeepLinksDebug UP-TO-DATE
> Task :react-native-clipboard_clipboard:processDebugManifest UP-TO-DATE
> Task :react-native-document-picker:extractDeepLinksDebug UP-TO-DATE
> Task :react-native-document-picker:processDebugManifest UP-TO-DATE
> Task :react-native-fs:extractDeepLinksDebug UP-TO-DATE
> Task :react-native-fs:processDebugManifest UP-TO-DATE
> Task :react-native-gesture-handler:extractDeepLinksDebug UP-TO-DATE
> Task :react-native-gesture-handler:processDebugManifest UP-TO-DATE
> Task :react-native-linear-gradient:extractDeepLinksDebug UP-TO-DATE
> Task :react-native-linear-gradient:processDebugManifest UP-TO-DATE
> Task :react-native-reanimated:extractDeepLinksDebug UP-TO-DATE
> Task :react-native-reanimated:processDebugManifest UP-TO-DATE
> Task :react-native-safe-area-context:extractDeepLinksDebug UP-TO-DATE
> Task :react-native-safe-area-context:processDebugManifest UP-TO-DATE
> Task :react-native-screens:extractDeepLinksDebug UP-TO-DATE
> Task :react-native-screens:processDebugManifest UP-TO-DATE
> Task :react-native-svg:extractDeepLinksDebug UP-TO-DATE
> Task :react-native-svg:processDebugManifest UP-TO-DATE
> Task :react-native-webrtc:extractDeepLinksDebug UP-TO-DATE
> Task :react-native-webrtc:processDebugManifest UP-TO-DATE
> Task :app:processDebugMainManifest UP-TO-DATE
> Task :app:processDebugManifest UP-TO-DATE
> Task :app:processDebugManifestForPackage UP-TO-DATE
> Task :react-native-async-storage_async-storage:compileDebugLibraryResources UP-TO-DATE
> Task :react-native-async-storage_async-storage:parseDebugLocalResources UP-TO-DATE
> Task :react-native-async-storage_async-storage:generateDebugRFile UP-TO-DATE
> Task :react-native-clipboard_clipboard:compileDebugLibraryResources UP-TO-DATE
> Task :react-native-clipboard_clipboard:parseDebugLocalResources UP-TO-DATE
> Task :react-native-clipboard_clipboard:generateDebugRFile UP-TO-DATE
> Task :react-native-document-picker:compileDebugLibraryResources UP-TO-DATE
> Task :react-native-document-picker:parseDebugLocalResources UP-TO-DATE
> Task :react-native-document-picker:generateDebugRFile UP-TO-DATE
> Task :react-native-fs:compileDebugLibraryResources UP-TO-DATE
> Task :react-native-fs:parseDebugLocalResources UP-TO-DATE
> Task :react-native-fs:generateDebugRFile UP-TO-DATE
> Task :react-native-gesture-handler:compileDebugLibraryResources UP-TO-DATE
> Task :react-native-gesture-handler:parseDebugLocalResources UP-TO-DATE
> Task :react-native-gesture-handler:generateDebugRFile UP-TO-DATE
> Task :react-native-linear-gradient:compileDebugLibraryResources UP-TO-DATE
> Task :react-native-linear-gradient:parseDebugLocalResources UP-TO-DATE
> Task :react-native-linear-gradient:generateDebugRFile UP-TO-DATE
> Task :react-native-reanimated:compileDebugLibraryResources UP-TO-DATE
> Task :react-native-reanimated:parseDebugLocalResources UP-TO-DATE
> Task :react-native-reanimated:generateDebugRFile UP-TO-DATE
> Task :react-native-safe-area-context:compileDebugLibraryResources UP-TO-DATE
> Task :react-native-safe-area-context:parseDebugLocalResources UP-TO-DATE
> Task :react-native-safe-area-context:generateDebugRFile UP-TO-DATE
> Task :react-native-screens:compileDebugLibraryResources UP-TO-DATE
> Task :react-native-screens:parseDebugLocalResources UP-TO-DATE
> Task :react-native-screens:generateDebugRFile UP-TO-DATE
> Task :react-native-svg:compileDebugLibraryResources UP-TO-DATE
> Task :react-native-svg:parseDebugLocalResources UP-TO-DATE
> Task :react-native-svg:generateDebugRFile UP-TO-DATE
> Task :react-native-webrtc:compileDebugLibraryResources UP-TO-DATE
> Task :react-native-webrtc:parseDebugLocalResources UP-TO-DATE
> Task :react-native-webrtc:generateDebugRFile UP-TO-DATE
> Task :app:processDebugResources UP-TO-DATE
> Task :react-native-async-storage_async-storage:generateDebugBuildConfig UP-TO-DATE
> Task :react-native-async-storage_async-storage:javaPreCompileDebug UP-TO-DATE
> Task :react-native-async-storage_async-storage:compileDebugJavaWithJavac UP-TO-DATE
> Task :react-native-async-storage_async-storage:bundleLibCompileToJarDebug UP-TO-DATE
> Task :react-native-clipboard_clipboard:generateDebugBuildConfig UP-TO-DATE
> Task :react-native-clipboard_clipboard:javaPreCompileDebug UP-TO-DATE
> Task :react-native-clipboard_clipboard:compileDebugJavaWithJavac UP-TO-DATE
> Task :react-native-clipboard_clipboard:bundleLibCompileToJarDebug UP-TO-DATE
> Task :react-native-document-picker:generateDebugBuildConfig UP-TO-DATE
> Task :react-native-document-picker:javaPreCompileDebug UP-TO-DATE
> Task :react-native-document-picker:compileDebugJavaWithJavac UP-TO-DATE
> Task :react-native-document-picker:bundleLibCompileToJarDebug UP-TO-DATE
> Task :react-native-fs:generateDebugBuildConfig UP-TO-DATE
> Task :react-native-fs:javaPreCompileDebug UP-TO-DATE
> Task :react-native-fs:compileDebugJavaWithJavac UP-TO-DATE
> Task :react-native-fs:bundleLibCompileToJarDebug UP-TO-DATE
> Task :react-native-gesture-handler:checkKotlinGradlePluginConfigurationErrors
> Task :react-native-gesture-handler:generateDebugBuildConfig UP-TO-DATE
> Task :react-native-reanimated:generateDebugBuildConfig UP-TO-DATE
> Task :react-native-reanimated:javaPreCompileDebug UP-TO-DATE
> Task :react-native-reanimated:packageNdkLibs NO-SOURCE
> Task :react-native-reanimated:compileDebugJavaWithJavac UP-TO-DATE
> Task :react-native-reanimated:bundleLibCompileToJarDebug UP-TO-DATE
> Task :react-native-gesture-handler:compileDebugKotlin UP-TO-DATE
> Task :react-native-gesture-handler:javaPreCompileDebug UP-TO-DATE
> Task :react-native-gesture-handler:compileDebugJavaWithJavac UP-TO-DATE
> Task :react-native-gesture-handler:bundleLibCompileToJarDebug UP-TO-DATE
> Task :react-native-linear-gradient:generateDebugBuildConfig UP-TO-DATE
> Task :react-native-linear-gradient:javaPreCompileDebug UP-TO-DATE
> Task :react-native-linear-gradient:compileDebugJavaWithJavac UP-TO-DATE
> Task :react-native-linear-gradient:bundleLibCompileToJarDebug UP-TO-DATE
> Task :react-native-safe-area-context:checkKotlinGradlePluginConfigurationErrors
> Task :react-native-safe-area-context:generateDebugBuildConfig UP-TO-DATE
> Task :react-native-safe-area-context:compileDebugKotlin UP-TO-DATE
> Task :react-native-safe-area-context:javaPreCompileDebug UP-TO-DATE
> Task :react-native-safe-area-context:compileDebugJavaWithJavac UP-TO-DATE
> Task :react-native-safe-area-context:bundleLibCompileToJarDebug UP-TO-DATE
> Task :react-native-screens:checkKotlinGradlePluginConfigurationErrors
> Task :react-native-screens:generateDebugBuildConfig UP-TO-DATE
> Task :react-native-screens:compileDebugKotlin UP-TO-DATE
> Task :react-native-screens:javaPreCompileDebug UP-TO-DATE
> Task :react-native-screens:compileDebugJavaWithJavac UP-TO-DATE
> Task :react-native-screens:bundleLibCompileToJarDebug UP-TO-DATE
> Task :react-native-svg:generateDebugBuildConfig UP-TO-DATE
> Task :react-native-svg:javaPreCompileDebug UP-TO-DATE
> Task :react-native-svg:compileDebugJavaWithJavac UP-TO-DATE
> Task :react-native-svg:bundleLibCompileToJarDebug UP-TO-DATE
> Task :react-native-webrtc:generateDebugBuildConfig UP-TO-DATE
> Task :react-native-webrtc:javaPreCompileDebug UP-TO-DATE
> Task :react-native-webrtc:compileDebugJavaWithJavac UP-TO-DATE
> Task :react-native-webrtc:bundleLibCompileToJarDebug UP-TO-DATE
> Task :app:compileDebugKotlin UP-TO-DATE
> Task :app:javaPreCompileDebug UP-TO-DATE
> Task :app:compileDebugJavaWithJavac UP-TO-DATE
> Task :app:mergeDebugShaders UP-TO-DATE
> Task :app:compileDebugShaders NO-SOURCE
> Task :app:generateDebugAssets UP-TO-DATE
> Task :react-native-async-storage_async-storage:mergeDebugShaders UP-TO-DATE
> Task :react-native-async-storage_async-storage:compileDebugShaders NO-SOURCE
> Task :react-native-async-storage_async-storage:generateDebugAssets UP-TO-DATE
> Task :react-native-async-storage_async-storage:packageDebugAssets UP-TO-DATE
> Task :react-native-clipboard_clipboard:mergeDebugShaders UP-TO-DATE
> Task :react-native-clipboard_clipboard:compileDebugShaders NO-SOURCE
> Task :react-native-clipboard_clipboard:generateDebugAssets UP-TO-DATE
> Task :react-native-clipboard_clipboard:packageDebugAssets UP-TO-DATE
> Task :react-native-document-picker:mergeDebugShaders UP-TO-DATE
> Task :react-native-document-picker:compileDebugShaders NO-SOURCE
> Task :react-native-document-picker:generateDebugAssets UP-TO-DATE
> Task :react-native-document-picker:packageDebugAssets UP-TO-DATE
> Task :react-native-fs:mergeDebugShaders UP-TO-DATE
> Task :react-native-fs:compileDebugShaders NO-SOURCE
> Task :react-native-fs:generateDebugAssets UP-TO-DATE
> Task :react-native-fs:packageDebugAssets UP-TO-DATE
> Task :react-native-gesture-handler:mergeDebugShaders UP-TO-DATE
> Task :react-native-gesture-handler:compileDebugShaders NO-SOURCE
> Task :react-native-gesture-handler:generateDebugAssets UP-TO-DATE
> Task :react-native-gesture-handler:packageDebugAssets UP-TO-DATE
> Task :react-native-linear-gradient:mergeDebugShaders UP-TO-DATE
> Task :react-native-linear-gradient:compileDebugShaders NO-SOURCE
> Task :react-native-linear-gradient:generateDebugAssets UP-TO-DATE
> Task :react-native-linear-gradient:packageDebugAssets UP-TO-DATE
> Task :react-native-reanimated:mergeDebugShaders UP-TO-DATE
> Task :react-native-reanimated:compileDebugShaders NO-SOURCE
> Task :react-native-reanimated:generateDebugAssets UP-TO-DATE
> Task :react-native-reanimated:packageDebugAssets UP-TO-DATE
> Task :react-native-safe-area-context:mergeDebugShaders UP-TO-DATE
> Task :react-native-safe-area-context:compileDebugShaders NO-SOURCE
> Task :react-native-safe-area-context:generateDebugAssets UP-TO-DATE
> Task :react-native-safe-area-context:packageDebugAssets UP-TO-DATE
> Task :react-native-screens:mergeDebugShaders UP-TO-DATE
> Task :react-native-screens:compileDebugShaders NO-SOURCE
> Task :react-native-screens:generateDebugAssets UP-TO-DATE
> Task :react-native-screens:packageDebugAssets UP-TO-DATE
> Task :react-native-svg:mergeDebugShaders UP-TO-DATE
> Task :react-native-svg:compileDebugShaders NO-SOURCE
> Task :react-native-svg:generateDebugAssets UP-TO-DATE
> Task :react-native-svg:packageDebugAssets UP-TO-DATE
> Task :react-native-webrtc:mergeDebugShaders UP-TO-DATE
> Task :react-native-webrtc:compileDebugShaders NO-SOURCE
> Task :react-native-webrtc:generateDebugAssets UP-TO-DATE
> Task :react-native-webrtc:packageDebugAssets UP-TO-DATE
> Task :app:mergeDebugAssets
> Task :react-native-gesture-handler:bundleLibRuntimeToJarDebug UP-TO-DATE
> Task :react-native-safe-area-context:bundleLibRuntimeToJarDebug UP-TO-DATE
> Task :react-native-screens:bundleLibRuntimeToJarDebug UP-TO-DATE
> Task :react-native-async-storage_async-storage:bundleLibRuntimeToJarDebug UP-TO-DATE
> Task :react-native-clipboard_clipboard:bundleLibRuntimeToJarDebug UP-TO-DATE
> Task :react-native-document-picker:bundleLibRuntimeToJarDebug UP-TO-DATE
> Task :react-native-fs:bundleLibRuntimeToJarDebug UP-TO-DATE
> Task :react-native-linear-gradient:bundleLibRuntimeToJarDebug UP-TO-DATE
> Task :react-native-reanimated:bundleLibRuntimeToJarDebug UP-TO-DATE
> Task :react-native-svg:bundleLibRuntimeToJarDebug UP-TO-DATE
> Task :react-native-webrtc:bundleLibRuntimeToJarDebug UP-TO-DATE
> Task :app:desugarDebugFileDependencies UP-TO-DATE
> Task :app:dexBuilderDebug UP-TO-DATE
> Task :app:mergeDebugGlobalSynthetics UP-TO-DATE
> Task :app:processDebugJavaRes UP-TO-DATE
> Task :react-native-async-storage_async-storage:processDebugJavaRes NO-SOURCE
> Task :react-native-clipboard_clipboard:processDebugJavaRes NO-SOURCE
> Task :react-native-document-picker:processDebugJavaRes NO-SOURCE
> Task :react-native-fs:processDebugJavaRes NO-SOURCE
> Task :react-native-gesture-handler:processDebugJavaRes UP-TO-DATE
> Task :react-native-linear-gradient:processDebugJavaRes NO-SOURCE
> Task :react-native-reanimated:processDebugJavaRes NO-SOURCE
> Task :react-native-safe-area-context:processDebugJavaRes UP-TO-DATE
> Task :react-native-screens:processDebugJavaRes UP-TO-DATE
> Task :react-native-svg:processDebugJavaRes NO-SOURCE
> Task :react-native-webrtc:processDebugJavaRes NO-SOURCE
> Task :app:mergeDebugJavaResource UP-TO-DATE
> Task :app:checkDebugDuplicateClasses UP-TO-DATE
> Task :app:mergeExtDexDebug UP-TO-DATE
> Task :react-native-gesture-handler:bundleLibRuntimeToDirDebug UP-TO-DATE
> Task :react-native-safe-area-context:bundleLibRuntimeToDirDebug UP-TO-DATE
> Task :app:compressDebugAssets
> Task :react-native-screens:bundleLibRuntimeToDirDebug UP-TO-DATE
> Task :react-native-async-storage_async-storage:bundleLibRuntimeToDirDebug UP-TO-DATE
> Task :react-native-clipboard_clipboard:bundleLibRuntimeToDirDebug UP-TO-DATE
> Task :react-native-document-picker:bundleLibRuntimeToDirDebug UP-TO-DATE
> Task :react-native-fs:bundleLibRuntimeToDirDebug UP-TO-DATE
> Task :react-native-linear-gradient:bundleLibRuntimeToDirDebug UP-TO-DATE
> Task :react-native-reanimated:bundleLibRuntimeToDirDebug UP-TO-DATE
> Task :react-native-svg:bundleLibRuntimeToDirDebug UP-TO-DATE
> Task :react-native-webrtc:bundleLibRuntimeToDirDebug UP-TO-DATE
> Task :app:mergeProjectDexDebug UP-TO-DATE
> Task :app:mergeDebugJniLibFolders UP-TO-DATE
> Task :react-native-async-storage_async-storage:mergeDebugJniLibFolders UP-TO-DATE
> Task :app:mergeLibDexDebug UP-TO-DATE
> Task :react-native-async-storage_async-storage:mergeDebugNativeLibs NO-SOURCE
> Task :react-native-async-storage_async-storage:copyDebugJniLibsProjectOnly UP-TO-DATE
> Task :react-native-clipboard_clipboard:mergeDebugJniLibFolders UP-TO-DATE
> Task :react-native-clipboard_clipboard:mergeDebugNativeLibs NO-SOURCE
> Task :react-native-clipboard_clipboard:copyDebugJniLibsProjectOnly UP-TO-DATE
> Task :react-native-document-picker:mergeDebugJniLibFolders UP-TO-DATE
> Task :react-native-document-picker:mergeDebugNativeLibs NO-SOURCE
> Task :react-native-document-picker:copyDebugJniLibsProjectOnly UP-TO-DATE
> Task :react-native-fs:mergeDebugJniLibFolders UP-TO-DATE
> Task :react-native-fs:mergeDebugNativeLibs NO-SOURCE
> Task :react-native-fs:copyDebugJniLibsProjectOnly UP-TO-DATE
> Task :react-native-gesture-handler:mergeDebugJniLibFolders UP-TO-DATE
> Task :react-native-gesture-handler:mergeDebugNativeLibs NO-SOURCE
> Task :react-native-gesture-handler:copyDebugJniLibsProjectOnly UP-TO-DATE
> Task :react-native-linear-gradient:mergeDebugJniLibFolders UP-TO-DATE
> Task :react-native-linear-gradient:mergeDebugNativeLibs NO-SOURCE
> Task :react-native-linear-gradient:copyDebugJniLibsProjectOnly UP-TO-DATE
> Task :react-native-reanimated:configureCMakeDebug[arm64-v8a]
> Task :react-native-reanimated:buildCMakeDebug[arm64-v8a]
> Task :react-native-reanimated:configureCMakeDebug[armeabi-v7a]
> Task :react-native-reanimated:buildCMakeDebug[armeabi-v7a]
> Task :react-native-reanimated:configureCMakeDebug[x86]
> Task :react-native-reanimated:buildCMakeDebug[x86]
> Task :react-native-reanimated:configureCMakeDebug[x86_64]
> Task :react-native-reanimated:buildCMakeDebug[x86_64]
> Task :react-native-reanimated:mergeDebugJniLibFolders UP-TO-DATE
> Task :react-native-reanimated:mergeDebugNativeLibs UP-TO-DATE
> Task :react-native-reanimated:copyDebugJniLibsProjectOnly UP-TO-DATE
> Task :react-native-safe-area-context:mergeDebugJniLibFolders UP-TO-DATE
> Task :react-native-safe-area-context:mergeDebugNativeLibs NO-SOURCE
> Task :react-native-safe-area-context:copyDebugJniLibsProjectOnly UP-TO-DATE
> Task :react-native-screens:configureCMakeDebug[arm64-v8a]
> Task :react-native-screens:buildCMakeDebug[arm64-v8a]
> Task :react-native-screens:configureCMakeDebug[armeabi-v7a]
> Task :react-native-screens:buildCMakeDebug[armeabi-v7a]
> Task :react-native-screens:configureCMakeDebug[x86]
> Task :react-native-screens:buildCMakeDebug[x86]
> Task :react-native-screens:configureCMakeDebug[x86_64]
> Task :react-native-screens:buildCMakeDebug[x86_64]
> Task :react-native-screens:mergeDebugJniLibFolders UP-TO-DATE
> Task :react-native-screens:mergeDebugNativeLibs UP-TO-DATE
> Task :react-native-screens:copyDebugJniLibsProjectOnly UP-TO-DATE
> Task :react-native-svg:mergeDebugJniLibFolders UP-TO-DATE
> Task :react-native-svg:mergeDebugNativeLibs NO-SOURCE
> Task :react-native-svg:copyDebugJniLibsProjectOnly UP-TO-DATE
> Task :react-native-webrtc:mergeDebugJniLibFolders UP-TO-DATE
> Task :react-native-webrtc:mergeDebugNativeLibs NO-SOURCE
> Task :react-native-webrtc:copyDebugJniLibsProjectOnly UP-TO-DATE
> Task :app:mergeDebugNativeLibs UP-TO-DATE
> Task :app:stripDebugDebugSymbols UP-TO-DATE
> Task :app:validateSigningDebug UP-TO-DATE
> Task :app:writeDebugAppMetadata UP-TO-DATE
> Task :app:writeDebugSigningConfigVersions UP-TO-DATE
> Task :react-native-async-storage_async-storage:stripDebugDebugSymbols NO-SOURCE
> Task :react-native-async-storage_async-storage:copyDebugJniLibsProjectAndLocalJars UP-TO-DATE
> Task :react-native-async-storage_async-storage:extractDebugAnnotations UP-TO-DATE
> Task :react-native-async-storage_async-storage:extractDeepLinksForAarDebug UP-TO-DATE
> Task :react-native-async-storage_async-storage:mergeDebugGeneratedProguardFiles UP-TO-DATE
> Task :react-native-async-storage_async-storage:mergeDebugConsumerProguardFiles UP-TO-DATE
> Task :react-native-async-storage_async-storage:prepareDebugArtProfile UP-TO-DATE
> Task :react-native-async-storage_async-storage:prepareLintJarForPublish UP-TO-DATE
> Task :react-native-async-storage_async-storage:mergeDebugJavaResource UP-TO-DATE
> Task :react-native-async-storage_async-storage:syncDebugLibJars UP-TO-DATE
> Task :react-native-async-storage_async-storage:bundleDebugAar UP-TO-DATE
> Task :react-native-async-storage_async-storage:assembleDebug UP-TO-DATE
> Task :react-native-clipboard_clipboard:stripDebugDebugSymbols NO-SOURCE
> Task :react-native-clipboard_clipboard:copyDebugJniLibsProjectAndLocalJars UP-TO-DATE
> Task :react-native-clipboard_clipboard:extractDebugAnnotations UP-TO-DATE
> Task :react-native-clipboard_clipboard:extractDeepLinksForAarDebug UP-TO-DATE
> Task :react-native-clipboard_clipboard:mergeDebugGeneratedProguardFiles UP-TO-DATE
> Task :react-native-clipboard_clipboard:mergeDebugConsumerProguardFiles UP-TO-DATE
> Task :react-native-clipboard_clipboard:prepareDebugArtProfile UP-TO-DATE
> Task :react-native-clipboard_clipboard:prepareLintJarForPublish UP-TO-DATE
> Task :react-native-clipboard_clipboard:mergeDebugJavaResource UP-TO-DATE
> Task :react-native-clipboard_clipboard:syncDebugLibJars UP-TO-DATE
> Task :react-native-clipboard_clipboard:bundleDebugAar UP-TO-DATE
> Task :react-native-clipboard_clipboard:assembleDebug UP-TO-DATE
> Task :react-native-document-picker:stripDebugDebugSymbols NO-SOURCE
> Task :react-native-document-picker:copyDebugJniLibsProjectAndLocalJars UP-TO-DATE
> Task :react-native-document-picker:extractDebugAnnotations UP-TO-DATE
> Task :react-native-document-picker:extractDeepLinksForAarDebug UP-TO-DATE
> Task :react-native-document-picker:mergeDebugGeneratedProguardFiles UP-TO-DATE
> Task :react-native-document-picker:mergeDebugConsumerProguardFiles UP-TO-DATE
> Task :react-native-document-picker:prepareDebugArtProfile UP-TO-DATE
> Task :react-native-document-picker:prepareLintJarForPublish UP-TO-DATE
> Task :react-native-document-picker:mergeDebugJavaResource UP-TO-DATE
> Task :react-native-document-picker:syncDebugLibJars UP-TO-DATE
> Task :react-native-document-picker:bundleDebugAar UP-TO-DATE
> Task :react-native-document-picker:assembleDebug UP-TO-DATE
> Task :react-native-fs:stripDebugDebugSymbols NO-SOURCE
> Task :react-native-fs:copyDebugJniLibsProjectAndLocalJars UP-TO-DATE
> Task :react-native-fs:extractDebugAnnotations UP-TO-DATE
> Task :react-native-fs:extractDeepLinksForAarDebug UP-TO-DATE
> Task :react-native-fs:mergeDebugGeneratedProguardFiles UP-TO-DATE
> Task :react-native-fs:mergeDebugConsumerProguardFiles UP-TO-DATE
> Task :react-native-fs:prepareDebugArtProfile UP-TO-DATE
> Task :react-native-fs:prepareLintJarForPublish UP-TO-DATE
> Task :react-native-fs:mergeDebugJavaResource UP-TO-DATE
> Task :react-native-fs:syncDebugLibJars UP-TO-DATE
> Task :react-native-fs:bundleDebugAar UP-TO-DATE
> Task :react-native-fs:assembleDebug UP-TO-DATE
> Task :react-native-gesture-handler:stripDebugDebugSymbols NO-SOURCE
> Task :react-native-gesture-handler:copyDebugJniLibsProjectAndLocalJars UP-TO-DATE
> Task :react-native-gesture-handler:extractDebugAnnotations UP-TO-DATE
> Task :react-native-gesture-handler:extractDeepLinksForAarDebug UP-TO-DATE
> Task :react-native-gesture-handler:mergeDebugGeneratedProguardFiles UP-TO-DATE
> Task :react-native-gesture-handler:mergeDebugConsumerProguardFiles UP-TO-DATE
> Task :react-native-gesture-handler:prepareDebugArtProfile UP-TO-DATE
> Task :react-native-gesture-handler:prepareLintJarForPublish UP-TO-DATE
> Task :react-native-gesture-handler:mergeDebugJavaResource UP-TO-DATE
> Task :react-native-gesture-handler:syncDebugLibJars UP-TO-DATE
> Task :react-native-gesture-handler:bundleDebugAar UP-TO-DATE
> Task :react-native-gesture-handler:assembleDebug UP-TO-DATE
> Task :react-native-linear-gradient:stripDebugDebugSymbols NO-SOURCE
> Task :react-native-linear-gradient:copyDebugJniLibsProjectAndLocalJars UP-TO-DATE
> Task :react-native-linear-gradient:extractDebugAnnotations UP-TO-DATE
> Task :react-native-linear-gradient:extractDeepLinksForAarDebug UP-TO-DATE
> Task :react-native-linear-gradient:mergeDebugGeneratedProguardFiles UP-TO-DATE
> Task :react-native-linear-gradient:mergeDebugConsumerProguardFiles UP-TO-DATE
> Task :react-native-linear-gradient:prepareDebugArtProfile UP-TO-DATE
> Task :react-native-linear-gradient:prepareLintJarForPublish UP-TO-DATE
> Task :react-native-linear-gradient:mergeDebugJavaResource UP-TO-DATE
> Task :react-native-linear-gradient:syncDebugLibJars UP-TO-DATE
> Task :react-native-linear-gradient:bundleDebugAar UP-TO-DATE
> Task :react-native-linear-gradient:assembleDebug UP-TO-DATE
> Task :react-native-reanimated:stripDebugDebugSymbols UP-TO-DATE
> Task :react-native-reanimated:copyDebugJniLibsProjectAndLocalJars UP-TO-DATE
> Task :react-native-reanimated:extractDebugAnnotations UP-TO-DATE
> Task :react-native-reanimated:extractDeepLinksForAarDebug UP-TO-DATE
> Task :react-native-reanimated:mergeDebugGeneratedProguardFiles UP-TO-DATE
> Task :react-native-reanimated:mergeDebugConsumerProguardFiles UP-TO-DATE
> Task :react-native-reanimated:externalNativeBuildDebug
> Task :react-native-reanimated:generateJsonModelDebug
> Task :react-native-reanimated:prefabDebugConfigurePackage UP-TO-DATE
> Task :react-native-reanimated:prefabDebugPackage UP-TO-DATE
> Task :react-native-reanimated:prepareDebugArtProfile UP-TO-DATE
> Task :react-native-reanimated:prepareLintJarForPublish UP-TO-DATE
> Task :react-native-reanimated:mergeDebugJavaResource UP-TO-DATE
> Task :react-native-reanimated:syncDebugLibJars UP-TO-DATE
> Task :react-native-reanimated:bundleDebugAar UP-TO-DATE
> Task :react-native-reanimated:assembleDebug UP-TO-DATE
> Task :react-native-safe-area-context:stripDebugDebugSymbols NO-SOURCE
> Task :react-native-safe-area-context:copyDebugJniLibsProjectAndLocalJars UP-TO-DATE
> Task :react-native-safe-area-context:extractDebugAnnotations UP-TO-DATE
> Task :react-native-safe-area-context:extractDeepLinksForAarDebug UP-TO-DATE
> Task :react-native-safe-area-context:mergeDebugGeneratedProguardFiles UP-TO-DATE
> Task :react-native-safe-area-context:mergeDebugConsumerProguardFiles UP-TO-DATE
> Task :react-native-safe-area-context:prepareDebugArtProfile UP-TO-DATE
> Task :react-native-safe-area-context:prepareLintJarForPublish UP-TO-DATE
> Task :react-native-safe-area-context:mergeDebugJavaResource UP-TO-DATE
> Task :react-native-safe-area-context:syncDebugLibJars UP-TO-DATE
> Task :react-native-safe-area-context:bundleDebugAar UP-TO-DATE
> Task :react-native-safe-area-context:assembleDebug UP-TO-DATE
> Task :react-native-screens:stripDebugDebugSymbols UP-TO-DATE
> Task :react-native-screens:copyDebugJniLibsProjectAndLocalJars UP-TO-DATE
> Task :react-native-screens:extractDebugAnnotations UP-TO-DATE
> Task :react-native-screens:extractDeepLinksForAarDebug UP-TO-DATE
> Task :react-native-screens:mergeDebugGeneratedProguardFiles UP-TO-DATE
> Task :react-native-screens:mergeDebugConsumerProguardFiles UP-TO-DATE
> Task :react-native-screens:prepareDebugArtProfile UP-TO-DATE
> Task :react-native-screens:prepareLintJarForPublish UP-TO-DATE
> Task :react-native-screens:mergeDebugJavaResource UP-TO-DATE
> Task :react-native-screens:syncDebugLibJars UP-TO-DATE
> Task :react-native-screens:bundleDebugAar UP-TO-DATE
> Task :react-native-screens:assembleDebug UP-TO-DATE
> Task :react-native-svg:stripDebugDebugSymbols NO-SOURCE
> Task :react-native-svg:copyDebugJniLibsProjectAndLocalJars UP-TO-DATE
> Task :react-native-svg:extractDebugAnnotations UP-TO-DATE
> Task :react-native-svg:extractDeepLinksForAarDebug UP-TO-DATE
> Task :react-native-svg:mergeDebugGeneratedProguardFiles UP-TO-DATE
> Task :react-native-svg:mergeDebugConsumerProguardFiles UP-TO-DATE
> Task :react-native-svg:prepareDebugArtProfile UP-TO-DATE
> Task :react-native-svg:prepareLintJarForPublish UP-TO-DATE
> Task :react-native-svg:mergeDebugJavaResource UP-TO-DATE
> Task :react-native-svg:syncDebugLibJars UP-TO-DATE
> Task :react-native-svg:bundleDebugAar UP-TO-DATE
> Task :react-native-svg:assembleDebug UP-TO-DATE
> Task :react-native-webrtc:stripDebugDebugSymbols NO-SOURCE
> Task :react-native-webrtc:copyDebugJniLibsProjectAndLocalJars UP-TO-DATE
> Task :react-native-webrtc:extractDebugAnnotations UP-TO-DATE
> Task :react-native-webrtc:extractDeepLinksForAarDebug UP-TO-DATE
> Task :react-native-webrtc:mergeDebugGeneratedProguardFiles UP-TO-DATE
> Task :react-native-webrtc:mergeDebugConsumerProguardFiles UP-TO-DATE
> Task :react-native-webrtc:prepareDebugArtProfile UP-TO-DATE
> Task :react-native-webrtc:prepareLintJarForPublish UP-TO-DATE
> Task :react-native-webrtc:mergeDebugJavaResource UP-TO-DATE
> Task :react-native-webrtc:syncDebugLibJars UP-TO-DATE
> Task :react-native-webrtc:bundleDebugAar UP-TO-DATE
> Task :react-native-webrtc:assembleDebug UP-TO-DATE
> Task :app:packageDebug
> Task :app:createDebugApkListingFileRedirect UP-TO-DATE
> Task :app:assembleDebug

[Incubating] Problems report is available at: file:///C:/NEERAJ%20VENU/PROJECTS/SuperDesk%20Mob/SuperDesk-Android/android/build/reports/problems/problems-report.html

Deprecated Gradle features were used in this build, making it incompatible with Gradle 9.0.

You can use '--warning-mode all' to show the individual deprecation warnings and determine if they come from your own scripts or plugins.

For more on this, please refer to https://docs.gradle.org/8.13/userguide/command_line_interface.html#sec:command_line_warnings in the Gradle documentation.

BUILD SUCCESSFUL in 1m 8s
405 actionable tasks: 28 executed, 377 up-to-date
