> Task :gradle-plugin:settings-plugin:checkKotlinGradlePluginConfigurationErrors SKIPPED
> Task :gradle-plugin:shared:checkKotlinGradlePluginConfigurationErrors SKIPPED
> Task :gradle-plugin:shared:compileKotlin UP-TO-DATE
> Task :gradle-plugin:shared:compileJava NO-SOURCE
> Task :gradle-plugin:shared:processResources NO-SOURCE
> Task :gradle-plugin:shared:classes UP-TO-DATE
> Task :gradle-plugin:shared:jar UP-TO-DATE
> Task :gradle-plugin:settings-plugin:compileKotlin UP-TO-DATE
> Task :gradle-plugin:settings-plugin:compileJava NO-SOURCE
> Task :gradle-plugin:settings-plugin:pluginDescriptors UP-TO-DATE
> Task :gradle-plugin:settings-plugin:processResources UP-TO-DATE
> Task :gradle-plugin:settings-plugin:classes UP-TO-DATE
> Task :gradle-plugin:settings-plugin:jar UP-TO-DATE
> Task :gradle-plugin:react-native-gradle-plugin:checkKotlinGradlePluginConfigurationErrors SKIPPED
> Task :gradle-plugin:react-native-gradle-plugin:compileKotlin UP-TO-DATE
> Task :gradle-plugin:react-native-gradle-plugin:compileJava NO-SOURCE
> Task :gradle-plugin:react-native-gradle-plugin:pluginDescriptors UP-TO-DATE
> Task :gradle-plugin:react-native-gradle-plugin:processResources UP-TO-DATE
> Task :gradle-plugin:react-native-gradle-plugin:classes UP-TO-DATE
> Task :gradle-plugin:react-native-gradle-plugin:jar UP-TO-DATE
> Task :app:externalNativeBuildCleanDebug
> Task :app:externalNativeBuildCleanDebugOptimized
> Task :app:externalNativeBuildCleanRelease
> Task :app:clean UP-TO-DATE
> Task :react-native-async-storage_async-storage:clean UP-TO-DATE
> Task :react-native-documents_picker:clean UP-TO-DATE
> Task :react-native-fs:clean UP-TO-DATE
> Task :react-native-gesture-handler:externalNativeBuildCleanDebug
> Task :react-native-gesture-handler:externalNativeBuildCleanRelease
> Task :react-native-gesture-handler:clean UP-TO-DATE
> Task :react-native-safe-area-context:clean UP-TO-DATE
> Task :react-native-screens:externalNativeBuildCleanDebug
> Task :react-native-screens:externalNativeBuildCleanRelease
> Task :react-native-screens:clean UP-TO-DATE
> Task :react-native-svg:clean UP-TO-DATE
> Task :react-native-webrtc:clean UP-TO-DATE
> Task :app:checkKotlinGradlePluginConfigurationErrors SKIPPED
> Task :app:generateAutolinkingNewArchitectureFiles
> Task :app:generateAutolinkingPackageList
> Task :app:generateCodegenSchemaFromJavaScript SKIPPED
> Task :app:generateCodegenArtifactsFromSchema SKIPPED
> Task :app:generateReactNativeEntryPoint
> Task :react-native-async-storage_async-storage:generateCodegenSchemaFromJavaScript
> Task :react-native-async-storage_async-storage:generateCodegenArtifactsFromSchema
> Task :react-native-async-storage_async-storage:preBuild
> Task :react-native-documents_picker:generateCodegenSchemaFromJavaScript
> Task :react-native-documents_picker:generateCodegenArtifactsFromSchema
> Task :react-native-documents_picker:preBuild
> Task :react-native-fs:preBuild UP-TO-DATE
> Task :react-native-gesture-handler:generateCodegenSchemaFromJavaScript
> Task :react-native-gesture-handler:generateCodegenArtifactsFromSchema
> Task :react-native-gesture-handler:preBuild
> Task :react-native-safe-area-context:generateCodegenSchemaFromJavaScript
> Task :react-native-safe-area-context:generateCodegenArtifactsFromSchema
> Task :react-native-safe-area-context:preBuild
> Task :react-native-screens:generateCodegenSchemaFromJavaScript
> Task :react-native-screens:generateCodegenArtifactsFromSchema
> Task :react-native-screens:preBuild
> Task :react-native-svg:generateCodegenSchemaFromJavaScript
> Task :react-native-svg:generateCodegenArtifactsFromSchema
> Task :react-native-svg:preBuild
> Task :react-native-webrtc:preBuild UP-TO-DATE
> Task :app:preBuild
> Task :app:preDebugBuild
> Task :app:generateDebugBuildConfig
> Task :react-native-async-storage_async-storage:preDebugBuild
> Task :react-native-documents_picker:preDebugBuild
> Task :react-native-fs:preDebugBuild UP-TO-DATE
> Task :react-native-async-storage_async-storage:writeDebugAarMetadata
> Task :react-native-documents_picker:writeDebugAarMetadata
> Task :react-native-gesture-handler:preDebugBuild
> Task :react-native-fs:writeDebugAarMetadata
> Task :react-native-safe-area-context:preDebugBuild
> Task :react-native-gesture-handler:writeDebugAarMetadata
> Task :react-native-screens:preDebugBuild
> Task :react-native-safe-area-context:writeDebugAarMetadata
> Task :react-native-svg:preDebugBuild
> Task :react-native-screens:writeDebugAarMetadata
> Task :react-native-webrtc:preDebugBuild UP-TO-DATE
> Task :react-native-svg:writeDebugAarMetadata
> Task :react-native-webrtc:writeDebugAarMetadata

> Task :app:createBundleDebugJsAndAssets

                        ▒▒▓▓▓▓▒▒
                     ▒▓▓▓▒▒░░▒▒▓▓▓▒
                  ▒▓▓▓▓░░░▒▒▒▒░░░▓▓▓▓▒
                 ▓▓▒▒▒▓▓▓▓▓▓▓▓▓▓▓▓▒▒▒▓▓
                 ▓▓░░░░░▒▓▓▓▓▓▓▒░░░░░▓▓
                 ▓▓░░▓▓▒░░░▒▒░░░▒▓▒░░▓▓
                 ▓▓░░▓▓▓▓▓▒▒▒▒▓▓▓▓▒░░▓▓
                 ▓▓░░▓▓▓▓▓▓▓▓▓▓▓▓▓▒░░▓▓
                 ▓▓▒░░▒▒▓▓▓▓▓▓▓▓▒░░░▒▓▓
                  ▒▓▓▓▒░░░▒▓▓▒░░░▒▓▓▓▒
                     ▒▓▓▓▒░░░░▒▓▓▓▒
                        ▒▒▓▓▓▓▒▒


 WARN  the transform cache was reset.
                Welcome to Metro v0.83.3
              Fast - Scalable - Integrated


 WARN  Attempted to import the module "C:\NEERAJ VENU\PROJECTS\SuperDesk Mob\SuperDesk-Android\node_modules\react-native-webrtc\node_modules\event-target-shim\index" which is not listed in the "exports" of "C:\NEERAJ VENU\PROJECTS\SuperDesk Mob\SuperDesk-Android\node_modules\react-native-webrtc\node_modules\event-target-shim" under the requested subpath "./index". Falling back to file-based resolution. Consider updating the call site or asking the package maintainer(s) to expose this API.
LOG:Writing bundle output to: android\app\build\generated\assets\react\debug\index.android.bundle
LOG:Writing sourcemap output to: android\app\build\intermediates\sourcemaps\react\debug\index.android.bundle.packager.map
LOG:Done writing bundle output
LOG:Done writing sourcemap output
Copying 19 asset files
Done copying assets

> Task :app:checkDebugAarMetadata
> Task :app:generateDebugResValues
> Task :react-native-async-storage_async-storage:generateDebugResValues
> Task :react-native-async-storage_async-storage:generateDebugResources
> Task :react-native-async-storage_async-storage:packageDebugResources
> Task :react-native-documents_picker:generateDebugResValues
> Task :react-native-documents_picker:generateDebugResources
> Task :react-native-documents_picker:packageDebugResources
> Task :react-native-fs:generateDebugResValues
> Task :react-native-fs:generateDebugResources
> Task :react-native-fs:packageDebugResources
> Task :react-native-gesture-handler:generateDebugResValues
> Task :react-native-gesture-handler:generateDebugResources
> Task :react-native-gesture-handler:packageDebugResources
> Task :react-native-safe-area-context:generateDebugResValues
> Task :react-native-safe-area-context:generateDebugResources
> Task :react-native-safe-area-context:packageDebugResources
> Task :react-native-screens:generateDebugResValues
> Task :react-native-screens:generateDebugResources
> Task :react-native-screens:packageDebugResources
> Task :react-native-svg:generateDebugResValues
> Task :react-native-svg:generateDebugResources
> Task :react-native-svg:packageDebugResources
> Task :react-native-webrtc:generateDebugResValues
> Task :react-native-webrtc:generateDebugResources
> Task :react-native-webrtc:packageDebugResources
> Task :app:mapDebugSourceSetPaths
> Task :app:generateDebugResources
> Task :app:packageDebugResources
> Task :app:createDebugCompatibleScreenManifests
> Task :app:extractDeepLinksDebug
> Task :react-native-async-storage_async-storage:extractDeepLinksDebug
> Task :react-native-documents_picker:extractDeepLinksDebug
> Task :react-native-fs:extractDeepLinksDebug
> Task :react-native-gesture-handler:extractDeepLinksDebug
> Task :app:parseDebugLocalResources
> Task :react-native-safe-area-context:extractDeepLinksDebug
> Task :react-native-documents_picker:processDebugManifest

> Task :react-native-async-storage_async-storage:processDebugManifest
package="com.reactnativecommunity.asyncstorage" found in source AndroidManifest.xml: C:\NEERAJ VENU\PROJECTS\SuperDesk Mob\SuperDesk-Android\node_modules\@react-native-async-storage\async-storage\android\src\main\AndroidManifest.xml.
Setting the namespace via the package attribute in the source AndroidManifest.xml is no longer supported, and the value is ignored.
Recommendation: remove package="com.reactnativecommunity.asyncstorage" from the source AndroidManifest.xml: C:\NEERAJ VENU\PROJECTS\SuperDesk Mob\SuperDesk-Android\node_modules\@react-native-async-storage\async-storage\android\src\main\AndroidManifest.xml.

> Task :react-native-gesture-handler:processDebugManifest

> Task :react-native-fs:processDebugManifest
package="com.rnfs" found in source AndroidManifest.xml: C:\NEERAJ VENU\PROJECTS\SuperDesk Mob\SuperDesk-Android\node_modules\react-native-fs\android\src\main\AndroidManifest.xml.
Setting the namespace via the package attribute in the source AndroidManifest.xml is no longer supported, and the value is ignored.
Recommendation: remove package="com.rnfs" from the source AndroidManifest.xml: C:\NEERAJ VENU\PROJECTS\SuperDesk Mob\SuperDesk-Android\node_modules\react-native-fs\android\src\main\AndroidManifest.xml.

> Task :react-native-screens:extractDeepLinksDebug

> Task :react-native-safe-area-context:processDebugManifest
package="com.th3rdwave.safeareacontext" found in source AndroidManifest.xml: C:\NEERAJ VENU\PROJECTS\SuperDesk Mob\SuperDesk-Android\node_modules\react-native-safe-area-context\android\src\main\AndroidManifest.xml.
Setting the namespace via the package attribute in the source AndroidManifest.xml is no longer supported, and the value is ignored.
Recommendation: remove package="com.th3rdwave.safeareacontext" from the source AndroidManifest.xml: C:\NEERAJ VENU\PROJECTS\SuperDesk Mob\SuperDesk-Android\node_modules\react-native-safe-area-context\android\src\main\AndroidManifest.xml.

> Task :app:mergeDebugResources
> Task :react-native-svg:extractDeepLinksDebug
> Task :react-native-screens:processDebugManifest
> Task :react-native-webrtc:extractDeepLinksDebug
> Task :react-native-svg:processDebugManifest

> Task :react-native-webrtc:processDebugManifest
package="com.oney.WebRTCModule" found in source AndroidManifest.xml: C:\NEERAJ VENU\PROJECTS\SuperDesk Mob\SuperDesk-Android\node_modules\react-native-webrtc\android\src\main\AndroidManifest.xml.
Setting the namespace via the package attribute in the source AndroidManifest.xml is no longer supported, and the value is ignored.
Recommendation: remove package="com.oney.WebRTCModule" from the source AndroidManifest.xml: C:\NEERAJ VENU\PROJECTS\SuperDesk Mob\SuperDesk-Android\node_modules\react-native-webrtc\android\src\main\AndroidManifest.xml.

> Task :react-native-async-storage_async-storage:compileDebugLibraryResources
> Task :app:processDebugMainManifest
> Task :app:processDebugManifest
> Task :react-native-documents_picker:compileDebugLibraryResources
> Task :app:processDebugManifestForPackage
> Task :react-native-async-storage_async-storage:parseDebugLocalResources
> Task :react-native-documents_picker:parseDebugLocalResources
> Task :react-native-fs:compileDebugLibraryResources
> Task :react-native-fs:parseDebugLocalResources
> Task :react-native-gesture-handler:compileDebugLibraryResources
> Task :react-native-async-storage_async-storage:generateDebugRFile
> Task :react-native-documents_picker:generateDebugRFile
> Task :react-native-fs:generateDebugRFile
> Task :react-native-gesture-handler:parseDebugLocalResources
> Task :react-native-safe-area-context:compileDebugLibraryResources
> Task :react-native-gesture-handler:generateDebugRFile
> Task :react-native-safe-area-context:parseDebugLocalResources
> Task :react-native-safe-area-context:generateDebugRFile
> Task :react-native-screens:compileDebugLibraryResources
> Task :react-native-svg:compileDebugLibraryResources
> Task :react-native-screens:parseDebugLocalResources
> Task :react-native-svg:parseDebugLocalResources
> Task :react-native-webrtc:compileDebugLibraryResources
> Task :react-native-screens:generateDebugRFile
> Task :react-native-svg:generateDebugRFile
> Task :react-native-webrtc:parseDebugLocalResources
> Task :react-native-async-storage_async-storage:generateDebugBuildConfig
> Task :react-native-documents_picker:checkKotlinGradlePluginConfigurationErrors SKIPPED
> Task :react-native-webrtc:generateDebugRFile
> Task :react-native-async-storage_async-storage:javaPreCompileDebug
> Task :react-native-documents_picker:generateDebugBuildConfig
> Task :app:processDebugResources

> Task :react-native-async-storage_async-storage:compileDebugJavaWithJavac
Note: Some input files use or override a deprecated API.
Note: Recompile with -Xlint:deprecation for details.
Note: C:\NEERAJ VENU\PROJECTS\SuperDesk Mob\SuperDesk-Android\node_modules\@react-native-async-storage\async-storage\android\src\javaPackage\java\com\reactnativecommunity\asyncstorage\AsyncStoragePackage.java uses unchecked or unsafe operations.
Note: Recompile with -Xlint:unchecked for details.

> Task :react-native-async-storage_async-storage:bundleLibCompileToJarDebug
> Task :react-native-documents_picker:javaPreCompileDebug
> Task :react-native-fs:generateDebugBuildConfig
> Task :react-native-gesture-handler:checkKotlinGradlePluginConfigurationErrors SKIPPED
> Task :react-native-fs:javaPreCompileDebug
> Task :react-native-gesture-handler:generateDebugBuildConfig

> Task :react-native-fs:compileDebugJavaWithJavac
Note: Some input files use or override a deprecated API.
Note: Recompile with -Xlint:deprecation for details.

> Task :react-native-svg:generateDebugBuildConfig
> Task :react-native-fs:bundleLibCompileToJarDebug
> Task :react-native-svg:javaPreCompileDebug
> Task :react-native-gesture-handler:javaPreCompileDebug
> Task :react-native-documents_picker:compileDebugKotlin

> Task :react-native-svg:compileDebugJavaWithJavac
Note: Some input files use or override a deprecated API.
Note: Recompile with -Xlint:deprecation for details.
Note: Some input files use unchecked or unsafe operations.
Note: Recompile with -Xlint:unchecked for details.

> Task :react-native-documents_picker:compileDebugJavaWithJavac
> Task :react-native-safe-area-context:checkKotlinGradlePluginConfigurationErrors SKIPPED
> Task :react-native-documents_picker:bundleLibCompileToJarDebug
> Task :react-native-safe-area-context:generateDebugBuildConfig
> Task :react-native-svg:bundleLibCompileToJarDebug
> Task :react-native-screens:checkKotlinGradlePluginConfigurationErrors SKIPPED
> Task :react-native-safe-area-context:javaPreCompileDebug
> Task :react-native-screens:generateDebugBuildConfig
> Task :react-native-screens:javaPreCompileDebug
> Task :react-native-webrtc:generateDebugBuildConfig
> Task :react-native-webrtc:javaPreCompileDebug
> Task :app:javaPreCompileDebug

> Task :react-native-webrtc:compileDebugJavaWithJavac
Note: Some input files use or override a deprecated API.
Note: Recompile with -Xlint:deprecation for details.
Note: C:\NEERAJ VENU\PROJECTS\SuperDesk Mob\SuperDesk-Android\node_modules\react-native-webrtc\android\src\main\java\com\oney\WebRTCModule\StringUtils.java uses unchecked or unsafe operations.
Note: Recompile with -Xlint:unchecked for details.

> Task :react-native-webrtc:bundleLibCompileToJarDebug
> Task :app:mergeDebugShaders
> Task :app:compileDebugShaders NO-SOURCE
> Task :app:generateDebugAssets UP-TO-DATE
> Task :react-native-async-storage_async-storage:mergeDebugShaders
> Task :react-native-async-storage_async-storage:compileDebugShaders NO-SOURCE
> Task :react-native-async-storage_async-storage:generateDebugAssets UP-TO-DATE
> Task :react-native-async-storage_async-storage:mergeDebugAssets
> Task :react-native-documents_picker:mergeDebugShaders
> Task :react-native-documents_picker:compileDebugShaders NO-SOURCE
> Task :react-native-documents_picker:generateDebugAssets UP-TO-DATE
> Task :react-native-documents_picker:mergeDebugAssets
> Task :react-native-fs:mergeDebugShaders
> Task :react-native-fs:compileDebugShaders NO-SOURCE
> Task :react-native-fs:generateDebugAssets UP-TO-DATE
> Task :react-native-fs:mergeDebugAssets
> Task :react-native-gesture-handler:mergeDebugShaders
> Task :react-native-gesture-handler:compileDebugShaders NO-SOURCE
> Task :react-native-gesture-handler:generateDebugAssets UP-TO-DATE
> Task :react-native-gesture-handler:mergeDebugAssets
> Task :react-native-safe-area-context:mergeDebugShaders
> Task :react-native-safe-area-context:compileDebugShaders NO-SOURCE
> Task :react-native-safe-area-context:generateDebugAssets UP-TO-DATE
> Task :react-native-safe-area-context:mergeDebugAssets
> Task :react-native-screens:mergeDebugShaders
> Task :react-native-screens:compileDebugShaders NO-SOURCE
> Task :react-native-screens:generateDebugAssets UP-TO-DATE
> Task :react-native-screens:mergeDebugAssets
> Task :react-native-svg:mergeDebugShaders
> Task :react-native-svg:compileDebugShaders NO-SOURCE
> Task :react-native-svg:generateDebugAssets UP-TO-DATE
> Task :react-native-svg:mergeDebugAssets
> Task :react-native-webrtc:mergeDebugShaders
> Task :react-native-webrtc:compileDebugShaders NO-SOURCE
> Task :react-native-webrtc:generateDebugAssets UP-TO-DATE
> Task :react-native-webrtc:mergeDebugAssets
> Task :app:mergeDebugAssets
> Task :app:compressDebugAssets
> Task :react-native-documents_picker:bundleLibRuntimeToJarDebug
> Task :react-native-async-storage_async-storage:bundleLibRuntimeToJarDebug
> Task :react-native-fs:bundleLibRuntimeToJarDebug
> Task :app:desugarDebugFileDependencies
> Task :react-native-async-storage_async-storage:processDebugJavaRes NO-SOURCE
> Task :react-native-webrtc:bundleLibRuntimeToJarDebug
> Task :react-native-documents_picker:processDebugJavaRes
> Task :react-native-fs:processDebugJavaRes NO-SOURCE
> Task :react-native-svg:processDebugJavaRes NO-SOURCE
> Task :react-native-webrtc:processDebugJavaRes NO-SOURCE
> Task :react-native-svg:bundleLibRuntimeToJarDebug
> Task :react-native-async-storage_async-storage:bundleLibRuntimeToDirDebug
> Task :react-native-documents_picker:bundleLibRuntimeToDirDebug
> Task :app:checkDebugDuplicateClasses
> Task :react-native-fs:bundleLibRuntimeToDirDebug
> Task :react-native-webrtc:bundleLibRuntimeToDirDebug

> Task :react-native-safe-area-context:compileDebugKotlin
w: file:///C:/NEERAJ%20VENU/PROJECTS/SuperDesk%20Mob/SuperDesk-Android/node_modules/react-native-safe-area-context/android/src/main/java/com/th3rdwave/safeareacontext/SafeAreaView.kt:9:8 'class UIManagerModule : ReactContextBaseJavaModule, OnBatchCompleteListener, LifecycleEventListener, UIManager' is deprecated. Deprecated in Java.
w: file:///C:/NEERAJ%20VENU/PROJECTS/SuperDesk%20Mob/SuperDesk-Android/node_modules/react-native-safe-area-context/android/src/main/java/com/th3rdwave/safeareacontext/SafeAreaView.kt:50:54 'class UIManagerModule : ReactContextBaseJavaModule, OnBatchCompleteListener, LifecycleEventListener, UIManager' is deprecated. Deprecated in Java.
w: file:///C:/NEERAJ%20VENU/PROJECTS/SuperDesk%20Mob/SuperDesk-Android/node_modules/react-native-safe-area-context/android/src/main/java/com/th3rdwave/safeareacontext/SafeAreaView.kt:59:23 'val uiImplementation: UIImplementation!' is deprecated. Deprecated in Java.
w: file:///C:/NEERAJ%20VENU/PROJECTS/SuperDesk%20Mob/SuperDesk-Android/node_modules/react-native-safe-area-context/android/src/main/java/com/th3rdwave/safeareacontext/SafeAreaViewShadowNode.kt:9:32 'class LayoutShadowNode : ReactShadowNodeImpl' is deprecated. Deprecated in Java.
w: file:///C:/NEERAJ%20VENU/PROJECTS/SuperDesk%20Mob/SuperDesk-Android/node_modules/react-native-safe-area-context/android/src/main/java/com/th3rdwave/safeareacontext/SafeAreaViewShadowNode.kt:110:61 'class NativeViewHierarchyOptimizer : Any' is deprecated. Deprecated in Java.

> Task :react-native-svg:bundleLibRuntimeToDirDebug

> Task :app:configureCMakeDebug[arm64-v8a]
C/C++: CMake Warning in C:/NEERAJ VENU/PROJECTS/SuperDesk Mob/SuperDesk-Android/node_modules/@react-native-documents/picker/android/build/generated/source/codegen/jni/CMakeLists.txt:
C/C++:   The object file directory
C/C++:     C:/NEERAJ VENU/PROJECTS/SuperDesk Mob/SuperDesk-Android/android/app/.cxx/Debug/4w722s19/arm64-v8a/rndocumentpickerCGen_autolinked_build/CMakeFiles/react_codegen_rndocumentpickerCGen.dir/./
C/C++:   has 188 characters.  The maximum full path to an object file is 250
C/C++:   characters (see CMAKE_OBJECT_PATH_MAX).  Object file
C/C++:     react/renderer/components/rndocumentpickerCGen/rndocumentpickerCGenJSI-generated.cpp.o
C/C++:   cannot be safely placed under this directory.  The build may not work
C/C++:   correctly.
C/C++: CMake Warning in C:/NEERAJ VENU/PROJECTS/SuperDesk Mob/SuperDesk-Android/node_modules/react-native-gesture-handler/android/build/generated/source/codegen/jni/CMakeLists.txt:
C/C++:   The object file directory
C/C++:     C:/NEERAJ VENU/PROJECTS/SuperDesk Mob/SuperDesk-Android/android/app/.cxx/Debug/4w722s19/arm64-v8a/rngesturehandler_codegen_autolinked_build/CMakeFiles/react_codegen_rngesturehandler_codegen.dir/./
C/C++:   has 196 characters.  The maximum full path to an object file is 250
C/C++:   characters (see CMAKE_OBJECT_PATH_MAX).  Object file
C/C++:     react/renderer/components/rngesturehandler_codegen/rngesturehandler_codegenJSI-generated.cpp.o
C/C++:   cannot be safely placed under this directory.  The build may not work
C/C++:   correctly.

> Task :react-native-gesture-handler:compileDebugKotlin
w: file:///C:/NEERAJ%20VENU/PROJECTS/SuperDesk%20Mob/SuperDesk-Android/node_modules/react-native-gesture-handler/android/src/main/java/com/swmansion/gesturehandler/react/Extensions.kt:7:8 'class UIManagerModule : ReactContextBaseJavaModule, OnBatchCompleteListener, LifecycleEventListener, UIManager' is deprecated. Deprecated in Java.
w: file:///C:/NEERAJ%20VENU/PROJECTS/SuperDesk%20Mob/SuperDesk-Android/node_modules/react-native-gesture-handler/android/src/main/java/com/swmansion/gesturehandler/react/Extensions.kt:12:29 'class UIManagerModule : ReactContextBaseJavaModule, OnBatchCompleteListener, LifecycleEventListener, UIManager' is deprecated. Deprecated in Java.
w: file:///C:/NEERAJ%20VENU/PROJECTS/SuperDesk%20Mob/SuperDesk-Android/node_modules/react-native-gesture-handler/android/src/main/java/com/swmansion/gesturehandler/react/Extensions.kt:13:32 'class UIManagerModule : ReactContextBaseJavaModule, OnBatchCompleteListener, LifecycleEventListener, UIManager' is deprecated. Deprecated in Java.
w: file:///C:/NEERAJ%20VENU/PROJECTS/SuperDesk%20Mob/SuperDesk-Android/node_modules/react-native-gesture-handler/android/src/main/java/com/swmansion/gesturehandler/react/RNGestureHandlerRootView.kt:41:43 The corresponding parameter in the supertype 'ReactViewGroup' is named 'ev'. This may cause problems when calling this function with named arguments.

> Task :react-native-safe-area-context:compileDebugJavaWithJavac
> Task :react-native-gesture-handler:compileDebugJavaWithJavac
> Task :react-native-safe-area-context:bundleLibCompileToJarDebug
> Task :react-native-safe-area-context:bundleLibRuntimeToJarDebug
> Task :react-native-gesture-handler:bundleLibCompileToJarDebug
> Task :react-native-gesture-handler:processDebugJavaRes
> Task :react-native-gesture-handler:bundleLibRuntimeToJarDebug
> Task :react-native-safe-area-context:processDebugJavaRes
> Task :react-native-safe-area-context:bundleLibRuntimeToDirDebug
> Task :react-native-gesture-handler:bundleLibRuntimeToDirDebug
> Task :react-native-screens:compileDebugKotlin
w: file:///C:/NEERAJ%20VENU/PROJECTS/SuperDesk%20Mob/SuperDesk-Android/node_modules/react-native-screens/android/src/main/java/com/swmansion/rnscreens/RNScreensPackage.kt:58:9 The corresponding parameter in the supertype 'BaseReactPackage' is named 'name'. This may cause problems when calling this function with named arguments.
w: file:///C:/NEERAJ%20VENU/PROJECTS/SuperDesk%20Mob/SuperDesk-Android/node_modules/react-native-screens/android/src/main/java/com/swmansion/rnscreens/RNScreensPackage.kt:59:9 The corresponding parameter in the supertype 'BaseReactPackage' is named 'reactContext'. This may cause problems when calling this function with named arguments.
w: file:///C:/NEERAJ%20VENU/PROJECTS/SuperDesk%20Mob/SuperDesk-Android/node_modules/react-native-screens/android/src/main/java/com/swmansion/rnscreens/RNScreensPackage.kt:72:17 'constructor(name: String, className: String, canOverrideExistingModule: Boolean, needsEagerInit: Boolean, hasConstants: Boolean, isCxxModule: Boolean, isTurboModule: Boolean): ReactModuleInfo' is deprecated. This constructor is deprecated and will be removed in the future. Use ReactModuleInfo(String, String, boolean, boolean, boolean, boolean)].
w: file:///C:/NEERAJ%20VENU/PROJECTS/SuperDesk%20Mob/SuperDesk-Android/node_modules/react-native-screens/android/src/main/java/com/swmansion/rnscreens/Screen.kt:23:8 'class UIManagerModule : ReactContextBaseJavaModule, OnBatchCompleteListener, LifecycleEventListener, UIManager' is deprecated. Deprecated in Java.
w: file:///C:/NEERAJ%20VENU/PROJECTS/SuperDesk%20Mob/SuperDesk-Android/node_modules/react-native-screens/android/src/main/java/com/swmansion/rnscreens/Screen.kt:49:77 Unchecked cast of '(CoordinatorLayout.Behavior<View!>?..CoordinatorLayout.Behavior<*>?)' to 'BottomSheetBehavior<Screen>'.
w: file:///C:/NEERAJ%20VENU/PROJECTS/SuperDesk%20Mob/SuperDesk-Android/node_modules/react-native-screens/android/src/main/java/com/swmansion/rnscreens/Screen.kt:229:42 'class UIManagerModule : ReactContextBaseJavaModule, OnBatchCompleteListener, LifecycleEventListener, UIManager' is deprecated. Deprecated in Java.
w: file:///C:/NEERAJ%20VENU/PROJECTS/SuperDesk%20Mob/SuperDesk-Android/node_modules/react-native-screens/android/src/main/java/com/swmansion/rnscreens/ScreenContainerViewManager.kt:6:8 'class LayoutShadowNode : ReactShadowNodeImpl' is deprecated. Deprecated in Java.
w: file:///C:/NEERAJ%20VENU/PROJECTS/SuperDesk%20Mob/SuperDesk-Android/node_modules/react-native-screens/android/src/main/java/com/swmansion/rnscreens/ScreenContainerViewManager.kt:56:78 'class LayoutShadowNode : ReactShadowNodeImpl' is deprecated. Deprecated in Java.
w: file:///C:/NEERAJ%20VENU/PROJECTS/SuperDesk%20Mob/SuperDesk-Android/node_modules/react-native-screens/android/src/main/java/com/swmansion/rnscreens/ScreenStackFragment.kt:218:31 'var targetElevation: Float' is deprecated. Deprecated in Java.
w: file:///C:/NEERAJ%20VENU/PROJECTS/SuperDesk%20Mob/SuperDesk-Android/node_modules/react-native-screens/android/src/main/java/com/swmansion/rnscreens/ScreenStackFragment.kt:221:13 'fun setHasOptionsMenu(p0: Boolean): Unit' is deprecated. Deprecated in Java.
w: file:///C:/NEERAJ%20VENU/PROJECTS/SuperDesk%20Mob/SuperDesk-Android/node_modules/react-native-screens/android/src/main/java/com/swmansion/rnscreens/ScreenStackFragment.kt:398:18 This declaration overrides a deprecated member but is not marked as deprecated itself. Add the '@Deprecated' annotation or suppress the diagnostic.
w: file:///C:/NEERAJ%20VENU/PROJECTS/SuperDesk%20Mob/SuperDesk-Android/node_modules/react-native-screens/android/src/main/java/com/swmansion/rnscreens/ScreenStackFragment.kt:405:22 'fun onPrepareOptionsMenu(p0: Menu): Unit' is deprecated. Deprecated in Java.
w: file:///C:/NEERAJ%20VENU/PROJECTS/SuperDesk%20Mob/SuperDesk-Android/node_modules/react-native-screens/android/src/main/java/com/swmansion/rnscreens/ScreenStackFragment.kt:408:18 This declaration overrides a deprecated member but is not marked as deprecated itself. Add the '@Deprecated' annotation or suppress the diagnostic.
w: file:///C:/NEERAJ%20VENU/PROJECTS/SuperDesk%20Mob/SuperDesk-Android/node_modules/react-native-screens/android/src/main/java/com/swmansion/rnscreens/ScreenStackFragment.kt:413:22 'fun onCreateOptionsMenu(p0: Menu, p1: MenuInflater): Unit' is deprecated. Deprecated in Java.
w: file:///C:/NEERAJ%20VENU/PROJECTS/SuperDesk%20Mob/SuperDesk-Android/node_modules/react-native-screens/android/src/main/java/com/swmansion/rnscreens/ScreenStackHeaderConfig.kt:428:18 'val reactNativeHost: ReactNativeHost' is deprecated. You should not use ReactNativeHost directly in the New Architecture. Use ReactHost instead.
w: file:///C:/NEERAJ%20VENU/PROJECTS/SuperDesk%20Mob/SuperDesk-Android/node_modules/react-native-screens/android/src/main/java/com/swmansion/rnscreens/ScreenStackHeaderConfigShadowNode.kt:4:8 'class LayoutShadowNode : ReactShadowNodeImpl' is deprecated. Deprecated in Java.
w: file:///C:/NEERAJ%20VENU/PROJECTS/SuperDesk%20Mob/SuperDesk-Android/node_modules/react-native-screens/android/src/main/java/com/swmansion/rnscreens/ScreenStackHeaderConfigShadowNode.kt:10:5 'class LayoutShadowNode : ReactShadowNodeImpl' is deprecated. Deprecated in Java.
w: file:///C:/NEERAJ%20VENU/PROJECTS/SuperDesk%20Mob/SuperDesk-Android/node_modules/react-native-screens/android/src/main/java/com/swmansion/rnscreens/ScreenStackHeaderConfigViewManager.kt:9:8 'class LayoutShadowNode : ReactShadowNodeImpl' is deprecated. Deprecated in Java.
w: file:///C:/NEERAJ%20VENU/PROJECTS/SuperDesk%20Mob/SuperDesk-Android/node_modules/react-native-screens/android/src/main/java/com/swmansion/rnscreens/ScreenStackHeaderConfigViewManager.kt:37:78 'class LayoutShadowNode : ReactShadowNodeImpl' is deprecated. Deprecated in Java.
w: file:///C:/NEERAJ%20VENU/PROJECTS/SuperDesk%20Mob/SuperDesk-Android/node_modules/react-native-screens/android/src/main/java/com/swmansion/rnscreens/ScreenStackViewManager.kt:6:8 'class LayoutShadowNode : ReactShadowNodeImpl' is deprecated. Deprecated in Java.
w: file:///C:/NEERAJ%20VENU/PROJECTS/SuperDesk%20Mob/SuperDesk-Android/node_modules/react-native-screens/android/src/main/java/com/swmansion/rnscreens/ScreenStackViewManager.kt:65:78 'class LayoutShadowNode : ReactShadowNodeImpl' is deprecated. Deprecated in Java.
w: file:///C:/NEERAJ%20VENU/PROJECTS/SuperDesk%20Mob/SuperDesk-Android/node_modules/react-native-screens/android/src/main/java/com/swmansion/rnscreens/ScreenWindowTraits.kt:48:42 'fun replaceSystemWindowInsets(p0: Int, p1: Int, p2: Int, p3: Int): WindowInsetsCompat' is deprecated. Deprecated in Java.
w: file:///C:/NEERAJ%20VENU/PROJECTS/SuperDesk%20Mob/SuperDesk-Android/node_modules/react-native-screens/android/src/main/java/com/swmansion/rnscreens/ScreenWindowTraits.kt:49:39 'val systemWindowInsetLeft: Int' is deprecated. Deprecated in Java.
w: file:///C:/NEERAJ%20VENU/PROJECTS/SuperDesk%20Mob/SuperDesk-Android/node_modules/react-native-screens/android/src/main/java/com/swmansion/rnscreens/ScreenWindowTraits.kt:51:39 'val systemWindowInsetRight: Int' is deprecated. Deprecated in Java.
w: file:///C:/NEERAJ%20VENU/PROJECTS/SuperDesk%20Mob/SuperDesk-Android/node_modules/react-native-screens/android/src/main/java/com/swmansion/rnscreens/ScreenWindowTraits.kt:52:39 'val systemWindowInsetBottom: Int' is deprecated. Deprecated in Java.
w: file:///C:/NEERAJ%20VENU/PROJECTS/SuperDesk%20Mob/SuperDesk-Android/node_modules/react-native-screens/android/src/main/java/com/swmansion/rnscreens/ScreensShadowNode.kt:4:8 'class LayoutShadowNode : ReactShadowNodeImpl' is deprecated. Deprecated in Java.
w: file:///C:/NEERAJ%20VENU/PROJECTS/SuperDesk%20Mob/SuperDesk-Android/node_modules/react-native-screens/android/src/main/java/com/swmansion/rnscreens/ScreensShadowNode.kt:5:8 'class NativeViewHierarchyManager : Any' is deprecated. Deprecated in Java.
w: file:///C:/NEERAJ%20VENU/PROJECTS/SuperDesk%20Mob/SuperDesk-Android/node_modules/react-native-screens/android/src/main/java/com/swmansion/rnscreens/ScreensShadowNode.kt:6:8 'class NativeViewHierarchyOptimizer : Any' is deprecated. Deprecated in Java.
w: file:///C:/NEERAJ%20VENU/PROJECTS/SuperDesk%20Mob/SuperDesk-Android/node_modules/react-native-screens/android/src/main/java/com/swmansion/rnscreens/ScreensShadowNode.kt:7:8 'class UIManagerModule : ReactContextBaseJavaModule, OnBatchCompleteListener, LifecycleEventListener, UIManager' is deprecated. Deprecated in Java.
w: file:///C:/NEERAJ%20VENU/PROJECTS/SuperDesk%20Mob/SuperDesk-Android/node_modules/react-native-screens/android/src/main/java/com/swmansion/rnscreens/ScreensShadowNode.kt:11:5 'class LayoutShadowNode : ReactShadowNodeImpl' is deprecated. Deprecated in Java.
w: file:///C:/NEERAJ%20VENU/PROJECTS/SuperDesk%20Mob/SuperDesk-Android/node_modules/react-native-screens/android/src/main/java/com/swmansion/rnscreens/ScreensShadowNode.kt:12:63 'class NativeViewHierarchyOptimizer : Any' is deprecated. Deprecated in Java.
w: file:///C:/NEERAJ%20VENU/PROJECTS/SuperDesk%20Mob/SuperDesk-Android/node_modules/react-native-screens/android/src/main/java/com/swmansion/rnscreens/ScreensShadowNode.kt:14:34 'class UIManagerModule : ReactContextBaseJavaModule, OnBatchCompleteListener, LifecycleEventListener, UIManager' is deprecated. Deprecated in Java.
w: file:///C:/NEERAJ%20VENU/PROJECTS/SuperDesk%20Mob/SuperDesk-Android/node_modules/react-native-screens/android/src/main/java/com/swmansion/rnscreens/ScreensShadowNode.kt:14:106 'class NativeViewHierarchyManager : Any' is deprecated. Deprecated in Java.
w: file:///C:/NEERAJ%20VENU/PROJECTS/SuperDesk%20Mob/SuperDesk-Android/node_modules/react-native-screens/android/src/main/java/com/swmansion/rnscreens/bottomsheet/BottomSheetDialogRootView.kt:7:8 'object ReactFeatureFlags : Any' is deprecated. Use com.facebook.react.internal.featureflags.ReactNativeFeatureFlags instead.
w: file:///C:/NEERAJ%20VENU/PROJECTS/SuperDesk%20Mob/SuperDesk-Android/node_modules/react-native-screens/android/src/main/java/com/swmansion/rnscreens/bottomsheet/BottomSheetDialogRootView.kt:25:13 'object ReactFeatureFlags : Any' is deprecated. Use com.facebook.react.internal.featureflags.ReactNativeFeatureFlags instead.
w: file:///C:/NEERAJ%20VENU/PROJECTS/SuperDesk%20Mob/SuperDesk-Android/node_modules/react-native-screens/android/src/main/java/com/swmansion/rnscreens/bottomsheet/BottomSheetDialogRootView.kt:32:9 The corresponding parameter in the supertype 'ReactViewGroup' is named 'left'. This may cause problems when calling this function with named arguments.
w: file:///C:/NEERAJ%20VENU/PROJECTS/SuperDesk%20Mob/SuperDesk-Android/node_modules/react-native-screens/android/src/main/java/com/swmansion/rnscreens/bottomsheet/BottomSheetDialogRootView.kt:33:9 The corresponding parameter in the supertype 'ReactViewGroup' is named 'top'. This may cause problems when calling this function with named arguments.
w: file:///C:/NEERAJ%20VENU/PROJECTS/SuperDesk%20Mob/SuperDesk-Android/node_modules/react-native-screens/android/src/main/java/com/swmansion/rnscreens/bottomsheet/BottomSheetDialogRootView.kt:34:9 The corresponding parameter in the supertype 'ReactViewGroup' is named 'right'. This may cause problems when calling this function with named arguments.
w: file:///C:/NEERAJ%20VENU/PROJECTS/SuperDesk%20Mob/SuperDesk-Android/node_modules/react-native-screens/android/src/main/java/com/swmansion/rnscreens/bottomsheet/BottomSheetDialogRootView.kt:35:9 The corresponding parameter in the supertype 'ReactViewGroup' is named 'bottom'. This may cause problems when calling this function with named arguments.
w: file:///C:/NEERAJ%20VENU/PROJECTS/SuperDesk%20Mob/SuperDesk-Android/node_modules/react-native-screens/android/src/main/java/com/swmansion/rnscreens/bottomsheet/BottomSheetDialogRootView.kt:71:9 The corresponding parameter in the supertype 'RootView' is named 'childView'. This may cause problems when calling this function with named arguments.
w: file:///C:/NEERAJ%20VENU/PROJECTS/SuperDesk%20Mob/SuperDesk-Android/node_modules/react-native-screens/android/src/main/java/com/swmansion/rnscreens/bottomsheet/BottomSheetDialogRootView.kt:72:9 The corresponding parameter in the supertype 'RootView' is named 'ev'. This may cause problems when calling this function with named arguments.
w: file:///C:/NEERAJ%20VENU/PROJECTS/SuperDesk%20Mob/SuperDesk-Android/node_modules/react-native-screens/android/src/main/java/com/swmansion/rnscreens/bottomsheet/BottomSheetDialogRootView.kt:79:46 The corresponding parameter in the supertype 'RootView' is named 'ev'. This may cause problems when calling this function with named arguments.
w: file:///C:/NEERAJ%20VENU/PROJECTS/SuperDesk%20Mob/SuperDesk-Android/node_modules/react-native-screens/android/src/main/java/com/swmansion/rnscreens/bottomsheet/BottomSheetDialogRootView.kt:83:9 The corresponding parameter in the supertype 'RootView' is named 'childView'. This may cause problems when calling this function with named arguments.
w: file:///C:/NEERAJ%20VENU/PROJECTS/SuperDesk%20Mob/SuperDesk-Android/node_modules/react-native-screens/android/src/main/java/com/swmansion/rnscreens/bottomsheet/BottomSheetDialogRootView.kt:84:9 The corresponding parameter in the supertype 'RootView' is named 'ev'. This may cause problems when calling this function with named arguments.
w: file:///C:/NEERAJ%20VENU/PROJECTS/SuperDesk%20Mob/SuperDesk-Android/node_modules/react-native-screens/android/src/main/java/com/swmansion/rnscreens/bottomsheet/BottomSheetDialogRootView.kt:95:34 The corresponding parameter in the supertype 'RootView' is named 't'. This may cause problems when calling this function with named arguments.
w: file:///C:/NEERAJ%20VENU/PROJECTS/SuperDesk%20Mob/SuperDesk-Android/node_modules/react-native-screens/android/src/main/java/com/swmansion/rnscreens/bottomsheet/DimmingView.kt:63:9 The corresponding parameter in the supertype 'ReactCompoundView' is named 'touchX'. This may cause problems when calling this function with named arguments.
w: file:///C:/NEERAJ%20VENU/PROJECTS/SuperDesk%20Mob/SuperDesk-Android/node_modules/react-native-screens/android/src/main/java/com/swmansion/rnscreens/bottomsheet/DimmingView.kt:64:9 The corresponding parameter in the supertype 'ReactCompoundView' is named 'touchY'. This may cause problems when calling this function with named arguments.
w: file:///C:/NEERAJ%20VENU/PROJECTS/SuperDesk%20Mob/SuperDesk-Android/node_modules/react-native-screens/android/src/main/java/com/swmansion/rnscreens/bottomsheet/DimmingView.kt:68:9 The corresponding parameter in the supertype 'ReactCompoundViewGroup' is named 'touchX'. This may cause problems when calling this function with named arguments.
w: file:///C:/NEERAJ%20VENU/PROJECTS/SuperDesk%20Mob/SuperDesk-Android/node_modules/react-native-screens/android/src/main/java/com/swmansion/rnscreens/bottomsheet/DimmingView.kt:69:9 The corresponding parameter in the supertype 'ReactCompoundViewGroup' is named 'touchY'. This may cause problems when calling this function with named arguments.
w: file:///C:/NEERAJ%20VENU/PROJECTS/SuperDesk%20Mob/SuperDesk-Android/node_modules/react-native-screens/android/src/main/java/com/swmansion/rnscreens/gamma/tabs/TabsHostViewManager.kt:37:9 The corresponding parameter in the supertype 'TabsHostViewManager' is named 'view'. This may cause problems when calling this function with named arguments.
w: file:///C:/NEERAJ%20VENU/PROJECTS/SuperDesk%20Mob/SuperDesk-Android/node_modules/react-native-screens/android/src/main/java/com/swmansion/rnscreens/safearea/SafeAreaView.kt:18:8 'class UIManagerModule : ReactContextBaseJavaModule, OnBatchCompleteListener, LifecycleEventListener, UIManager' is deprecated. Deprecated in Java.
w: file:///C:/NEERAJ%20VENU/PROJECTS/SuperDesk%20Mob/SuperDesk-Android/node_modules/react-native-screens/android/src/main/java/com/swmansion/rnscreens/safearea/SafeAreaView.kt:176:58 'class UIManagerModule : ReactContextBaseJavaModule, OnBatchCompleteListener, LifecycleEventListener, UIManager' is deprecated. Deprecated in Java.
w: file:///C:/NEERAJ%20VENU/PROJECTS/SuperDesk%20Mob/SuperDesk-Android/node_modules/react-native-screens/android/src/main/java/com/swmansion/rnscreens/safearea/SafeAreaView.kt:183:31 'val uiImplementation: UIImplementation!' is deprecated. Deprecated in Java.
w: file:///C:/NEERAJ%20VENU/PROJECTS/SuperDesk%20Mob/SuperDesk-Android/node_modules/react-native-screens/android/src/main/java/com/swmansion/rnscreens/safearea/paper/SafeAreaViewShadowNode.kt:7:8 'class LayoutShadowNode : ReactShadowNodeImpl' is deprecated. Deprecated in Java.
w: file:///C:/NEERAJ%20VENU/PROJECTS/SuperDesk%20Mob/SuperDesk-Android/node_modules/react-native-screens/android/src/main/java/com/swmansion/rnscreens/safearea/paper/SafeAreaViewShadowNode.kt:8:8 'class NativeViewHierarchyOptimizer : Any' is deprecated. Deprecated in Java.
w: file:///C:/NEERAJ%20VENU/PROJECTS/SuperDesk%20Mob/SuperDesk-Android/node_modules/react-native-screens/android/src/main/java/com/swmansion/rnscreens/safearea/paper/SafeAreaViewShadowNode.kt:14:32 'class LayoutShadowNode : ReactShadowNodeImpl' is deprecated. Deprecated in Java.
w: file:///C:/NEERAJ%20VENU/PROJECTS/SuperDesk%20Mob/SuperDesk-Android/node_modules/react-native-screens/android/src/main/java/com/swmansion/rnscreens/safearea/paper/SafeAreaViewShadowNode.kt:83:63 'class NativeViewHierarchyOptimizer : Any' is deprecated. Deprecated in Java.

> Task :app:mergeExtDexDebug
> Task :app:buildCMakeDebug[arm64-v8a]
> Task :react-native-screens:compileDebugJavaWithJavac
> Task :react-native-screens:processDebugJavaRes
> Task :react-native-screens:bundleLibRuntimeToJarDebug
> Task :react-native-screens:bundleLibCompileToJarDebug
> Task :react-native-screens:bundleLibRuntimeToDirDebug

> Task :app:configureCMakeDebug[armeabi-v7a]
C/C++: CMake Warning in C:/NEERAJ VENU/PROJECTS/SuperDesk Mob/SuperDesk-Android/node_modules/@react-native-documents/picker/android/build/generated/source/codegen/jni/CMakeLists.txt:
C/C++:   The object file directory
C/C++:     C:/NEERAJ VENU/PROJECTS/SuperDesk Mob/SuperDesk-Android/android/app/.cxx/Debug/4w722s19/armeabi-v7a/rndocumentpickerCGen_autolinked_build/CMakeFiles/react_codegen_rndocumentpickerCGen.dir/./
C/C++:   has 190 characters.  The maximum full path to an object file is 250
C/C++:   characters (see CMAKE_OBJECT_PATH_MAX).  Object file
C/C++:     react/renderer/components/rndocumentpickerCGen/rndocumentpickerCGenJSI-generated.cpp.o
C/C++:   cannot be safely placed under this directory.  The build may not work
C/C++:   correctly.
C/C++: CMake Warning in C:/NEERAJ VENU/PROJECTS/SuperDesk Mob/SuperDesk-Android/node_modules/react-native-gesture-handler/android/build/generated/source/codegen/jni/CMakeLists.txt:
C/C++:   The object file directory
C/C++:     C:/NEERAJ VENU/PROJECTS/SuperDesk Mob/SuperDesk-Android/android/app/.cxx/Debug/4w722s19/armeabi-v7a/rngesturehandler_codegen_autolinked_build/CMakeFiles/react_codegen_rngesturehandler_codegen.dir/./
C/C++:   has 198 characters.  The maximum full path to an object file is 250
C/C++:   characters (see CMAKE_OBJECT_PATH_MAX).  Object file
C/C++:     react/renderer/components/rngesturehandler_codegen/rngesturehandler_codegenJSI-generated.cpp.o
C/C++:   cannot be safely placed under this directory.  The build may not work
C/C++:   correctly.

> Task :app:compileDebugKotlin
w: file:///C:/NEERAJ%20VENU/PROJECTS/SuperDesk%20Mob/SuperDesk-Android/android/app/src/main/java/com/superdeskmobile/remotecontrol/RemoteControlPackage.kt:12:18 This declaration overrides a deprecated member but is not marked as deprecated itself. Add the '@Deprecated' annotation or suppress the diagnostic.
w: file:///C:/NEERAJ%20VENU/PROJECTS/SuperDesk%20Mob/SuperDesk-Android/android/app/src/main/java/com/superdeskmobile/screencapture/ScreenCapturePackage.kt:13:18 This declaration overrides a deprecated member but is not marked as deprecated itself. Add the '@Deprecated' annotation or suppress the diagnostic.

> Task :app:buildCMakeDebug[armeabi-v7a]
> Task :app:compileDebugJavaWithJavac
> Task :app:dexBuilderDebug
> Task :app:processDebugJavaRes
> Task :app:mergeDebugGlobalSynthetics
> Task :app:mergeProjectDexDebug
> Task :app:mergeLibDexDebug
> Task :app:mergeDebugJavaResource

> Task :app:configureCMakeDebug[x86]
C/C++: CMake Warning in C:/NEERAJ VENU/PROJECTS/SuperDesk Mob/SuperDesk-Android/node_modules/@react-native-documents/picker/android/build/generated/source/codegen/jni/CMakeLists.txt:
C/C++:   The object file directory
C/C++:     C:/NEERAJ VENU/PROJECTS/SuperDesk Mob/SuperDesk-Android/android/app/.cxx/Debug/4w722s19/x86/rndocumentpickerCGen_autolinked_build/CMakeFiles/react_codegen_rndocumentpickerCGen.dir/./
C/C++:   has 182 characters.  The maximum full path to an object file is 250
C/C++:   characters (see CMAKE_OBJECT_PATH_MAX).  Object file
C/C++:     react/renderer/components/rndocumentpickerCGen/rndocumentpickerCGenJSI-generated.cpp.o
C/C++:   cannot be safely placed under this directory.  The build may not work
C/C++:   correctly.
C/C++: CMake Warning in C:/NEERAJ VENU/PROJECTS/SuperDesk Mob/SuperDesk-Android/node_modules/react-native-gesture-handler/android/build/generated/source/codegen/jni/CMakeLists.txt:
C/C++:   The object file directory
C/C++:     C:/NEERAJ VENU/PROJECTS/SuperDesk Mob/SuperDesk-Android/android/app/.cxx/Debug/4w722s19/x86/rngesturehandler_codegen_autolinked_build/CMakeFiles/react_codegen_rngesturehandler_codegen.dir/./
C/C++:   has 190 characters.  The maximum full path to an object file is 250
C/C++:   characters (see CMAKE_OBJECT_PATH_MAX).  Object file
C/C++:     react/renderer/components/rngesturehandler_codegen/rngesturehandler_codegenJSI-generated.cpp.o
C/C++:   cannot be safely placed under this directory.  The build may not work
C/C++:   correctly.

> Task :app:buildCMakeDebug[x86]

> Task :app:configureCMakeDebug[x86_64]
C/C++: CMake Warning in C:/NEERAJ VENU/PROJECTS/SuperDesk Mob/SuperDesk-Android/node_modules/@react-native-documents/picker/android/build/generated/source/codegen/jni/CMakeLists.txt:
C/C++:   The object file directory
C/C++:     C:/NEERAJ VENU/PROJECTS/SuperDesk Mob/SuperDesk-Android/android/app/.cxx/Debug/4w722s19/x86_64/rndocumentpickerCGen_autolinked_build/CMakeFiles/react_codegen_rndocumentpickerCGen.dir/./
C/C++:   has 185 characters.  The maximum full path to an object file is 250
C/C++:   characters (see CMAKE_OBJECT_PATH_MAX).  Object file
C/C++:     react/renderer/components/rndocumentpickerCGen/rndocumentpickerCGenJSI-generated.cpp.o
C/C++:   cannot be safely placed under this directory.  The build may not work
C/C++:   correctly.
C/C++: CMake Warning in C:/NEERAJ VENU/PROJECTS/SuperDesk Mob/SuperDesk-Android/node_modules/react-native-gesture-handler/android/build/generated/source/codegen/jni/CMakeLists.txt:
C/C++:   The object file directory
C/C++:     C:/NEERAJ VENU/PROJECTS/SuperDesk Mob/SuperDesk-Android/android/app/.cxx/Debug/4w722s19/x86_64/rngesturehandler_codegen_autolinked_build/CMakeFiles/react_codegen_rngesturehandler_codegen.dir/./
C/C++:   has 193 characters.  The maximum full path to an object file is 250
C/C++:   characters (see CMAKE_OBJECT_PATH_MAX).  Object file
C/C++:     react/renderer/components/rngesturehandler_codegen/rngesturehandler_codegenJSI-generated.cpp.o
C/C++:   cannot be safely placed under this directory.  The build may not work
C/C++:   correctly.

> Task :app:buildCMakeDebug[x86_64]
> Task :app:mergeDebugJniLibFolders
> Task :react-native-async-storage_async-storage:mergeDebugJniLibFolders
> Task :react-native-async-storage_async-storage:mergeDebugNativeLibs NO-SOURCE
> Task :react-native-async-storage_async-storage:copyDebugJniLibsProjectOnly
> Task :react-native-documents_picker:mergeDebugJniLibFolders
> Task :react-native-documents_picker:mergeDebugNativeLibs NO-SOURCE
> Task :react-native-documents_picker:copyDebugJniLibsProjectOnly
> Task :react-native-fs:mergeDebugJniLibFolders
> Task :react-native-fs:mergeDebugNativeLibs NO-SOURCE
> Task :react-native-fs:copyDebugJniLibsProjectOnly
> Task :react-native-gesture-handler:configureCMakeDebug[arm64-v8a]
> Task :react-native-gesture-handler:buildCMakeDebug[arm64-v8a]
> Task :react-native-gesture-handler:configureCMakeDebug[armeabi-v7a]
> Task :react-native-gesture-handler:buildCMakeDebug[armeabi-v7a]
> Task :react-native-gesture-handler:configureCMakeDebug[x86]
> Task :react-native-gesture-handler:buildCMakeDebug[x86]
> Task :react-native-gesture-handler:configureCMakeDebug[x86_64]
> Task :react-native-gesture-handler:buildCMakeDebug[x86_64]
> Task :react-native-gesture-handler:mergeDebugJniLibFolders
> Task :react-native-safe-area-context:mergeDebugJniLibFolders
> Task :react-native-safe-area-context:mergeDebugNativeLibs NO-SOURCE
> Task :react-native-safe-area-context:copyDebugJniLibsProjectOnly
> Task :react-native-gesture-handler:mergeDebugNativeLibs
> Task :react-native-screens:configureCMakeDebug[arm64-v8a]
> Task :react-native-gesture-handler:copyDebugJniLibsProjectOnly
> Task :react-native-screens:buildCMakeDebug[arm64-v8a]
> Task :react-native-screens:configureCMakeDebug[armeabi-v7a]
> Task :react-native-screens:buildCMakeDebug[armeabi-v7a]
> Task :react-native-screens:configureCMakeDebug[x86]
> Task :react-native-screens:buildCMakeDebug[x86]
> Task :react-native-screens:configureCMakeDebug[x86_64]
> Task :react-native-screens:buildCMakeDebug[x86_64]
> Task :react-native-screens:mergeDebugJniLibFolders
> Task :react-native-svg:mergeDebugJniLibFolders
> Task :react-native-svg:mergeDebugNativeLibs NO-SOURCE
> Task :react-native-svg:copyDebugJniLibsProjectOnly
> Task :react-native-webrtc:mergeDebugJniLibFolders
> Task :react-native-webrtc:mergeDebugNativeLibs NO-SOURCE
> Task :react-native-webrtc:copyDebugJniLibsProjectOnly
> Task :app:validateSigningDebug
> Task :app:writeDebugAppMetadata
> Task :app:writeDebugSigningConfigVersions
> Task :react-native-screens:mergeDebugNativeLibs
> Task :react-native-screens:copyDebugJniLibsProjectOnly
> Task :app:mergeDebugNativeLibs
> Task :app:stripDebugDebugSymbols
> Task :app:packageDebug
> Task :app:createDebugApkListingFileRedirect

> Task :app:installDebug
[adb]: * daemon not running; starting now at tcp:5037
[adb]: * daemon started successfully
Installing APK 'app-debug.apk' on '22041216I - 14' for :app:debug
Unable to install C:\NEERAJ VENU\PROJECTS\SuperDesk Mob\SuperDesk-Android\android\app\build\outputs\apk\debug\app-debug.apk
com.android.ddmlib.InstallException: INSTALL_FAILED_USER_RESTRICTED: Install canceled by user
	at com.android.ddmlib.IDeviceSharedImpl.installRemotePackage(IDeviceSharedImpl.java:344)
	at com.android.ddmlib.IDeviceSharedImpl.installPackage(IDeviceSharedImpl.java:367)
	at com.android.ddmlib.internal.DeviceImpl.lambda$installPackage$33(DeviceImpl.java:1470)
	at com.android.ddmlib.internal.DeviceImpl.logRun3(DeviceImpl.java:1833)
	at com.android.ddmlib.internal.DeviceImpl.installPackage(DeviceImpl.java:1467)
	at com.android.ddmlib.internal.DeviceImpl.lambda$installPackage$32(DeviceImpl.java:1447)
	at com.android.ddmlib.internal.DeviceImpl.logRun3(DeviceImpl.java:1833)
	at com.android.ddmlib.internal.DeviceImpl.installPackage(DeviceImpl.java:1443)
	at com.android.ddmlib.internal.DeviceImpl.lambda$installPackage$31(DeviceImpl.java:1433)
	at com.android.ddmlib.internal.DeviceImpl.logRun3(DeviceImpl.java:1833)
	at com.android.ddmlib.internal.DeviceImpl.installPackage(DeviceImpl.java:1431)
	at com.android.build.gradle.internal.testing.ConnectedDevice.installPackage(ConnectedDevice.java:129)
	at com.android.build.gradle.internal.tasks.InstallVariantTask.installPackages(InstallVariantTask.java:214)
	at com.android.build.gradle.internal.tasks.InstallVariantTask.install(InstallVariantTask.java:187)
	at com.android.build.gradle.internal.tasks.InstallVariantTask.lambda$doTaskAction$1(InstallVariantTask.java:124)
	at com.android.builder.testing.api.DeviceProvider.use(DeviceProvider.java:55)
	at com.android.build.gradle.internal.tasks.InstallVariantTask.doTaskAction(InstallVariantTask.java:109)
	at com.android.build.gradle.internal.tasks.NonIncrementalTask$taskAction$$inlined$recordTaskAction$1.invoke(BaseTask.kt:60)
	at com.android.build.gradle.internal.tasks.Blocks.recordSpan(Blocks.java:51)
	at com.android.build.gradle.internal.tasks.NonIncrementalTask.taskAction(NonIncrementalTask.kt:78)
	at java.base@21.0.8/jdk.internal.reflect.DirectMethodHandleAccessor.invoke(Unknown Source)
	at java.base@21.0.8/java.lang.reflect.Method.invoke(Unknown Source)
	at org.gradle.internal.reflect.JavaMethod.invoke(JavaMethod.java:125)
	at org.gradle.api.internal.project.taskfactory.StandardTaskAction.doExecute(StandardTaskAction.java:58)
	at org.gradle.api.internal.project.taskfactory.StandardTaskAction.execute(StandardTaskAction.java:51)
	at org.gradle.api.internal.project.taskfactory.StandardTaskAction.execute(StandardTaskAction.java:29)
	at org.gradle.api.internal.tasks.execution.TaskExecution$3.run(TaskExecution.java:244)
	at org.gradle.internal.operations.DefaultBuildOperationRunner$1.execute(DefaultBuildOperationRunner.java:30)
	at org.gradle.internal.operations.DefaultBuildOperationRunner$1.execute(DefaultBuildOperationRunner.java:27)
	at org.gradle.internal.operations.DefaultBuildOperationRunner$2.execute(DefaultBuildOperationRunner.java:67)
	at org.gradle.internal.operations.DefaultBuildOperationRunner$2.execute(DefaultBuildOperationRunner.java:60)
	at org.gradle.internal.operations.DefaultBuildOperationRunner.execute(DefaultBuildOperationRunner.java:167)
	at org.gradle.internal.operations.DefaultBuildOperationRunner.execute(DefaultBuildOperationRunner.java:60)
	at org.gradle.internal.operations.DefaultBuildOperationRunner.run(DefaultBuildOperationRunner.java:48)
	at org.gradle.api.internal.tasks.execution.TaskExecution.executeAction(TaskExecution.java:229)
	at org.gradle.api.internal.tasks.execution.TaskExecution.executeActions(TaskExecution.java:212)
	at org.gradle.api.internal.tasks.execution.TaskExecution.executeWithPreviousOutputFiles(TaskExecution.java:195)
	at org.gradle.api.internal.tasks.execution.TaskExecution.execute(TaskExecution.java:162)
	at org.gradle.internal.execution.steps.ExecuteStep.executeInternal(ExecuteStep.java:105)
	at org.gradle.internal.execution.steps.ExecuteStep.access$000(ExecuteStep.java:44)
	at org.gradle.internal.execution.steps.ExecuteStep$1.call(ExecuteStep.java:59)
	at org.gradle.internal.execution.steps.ExecuteStep$1.call(ExecuteStep.java:56)
	at org.gradle.internal.operations.DefaultBuildOperationRunner$CallableBuildOperationWorker.execute(DefaultBuildOperationRunner.java:210)
	at org.gradle.internal.operations.DefaultBuildOperationRunner$CallableBuildOperationWorker.execute(DefaultBuildOperationRunner.java:205)
	at org.gradle.internal.operations.DefaultBuildOperationRunner$2.execute(DefaultBuildOperationRunner.java:67)
	at org.gradle.internal.operations.DefaultBuildOperationRunner$2.execute(DefaultBuildOperationRunner.java:60)
	at org.gradle.internal.operations.DefaultBuildOperationRunner.execute(DefaultBuildOperationRunner.java:167)
	at org.gradle.internal.operations.DefaultBuildOperationRunner.execute(DefaultBuildOperationRunner.java:60)
	at org.gradle.internal.operations.DefaultBuildOperationRunner.call(DefaultBuildOperationRunner.java:54)
	at org.gradle.internal.execution.steps.ExecuteStep.execute(ExecuteStep.java:56)
	at org.gradle.internal.execution.steps.ExecuteStep.execute(ExecuteStep.java:44)
	at org.gradle.internal.execution.steps.CancelExecutionStep.execute(CancelExecutionStep.java:42)
	at org.gradle.internal.execution.steps.TimeoutStep.executeWithoutTimeout(TimeoutStep.java:75)
	at org.gradle.internal.execution.steps.TimeoutStep.execute(TimeoutStep.java:55)
	at org.gradle.internal.execution.steps.PreCreateOutputParentsStep.execute(PreCreateOutputParentsStep.java:50)
	at org.gradle.internal.execution.steps.PreCreateOutputParentsStep.execute(PreCreateOutputParentsStep.java:28)
	at org.gradle.internal.execution.steps.RemovePreviousOutputsStep.execute(RemovePreviousOutputsStep.java:67)
	at org.gradle.internal.execution.steps.RemovePreviousOutputsStep.execute(RemovePreviousOutputsStep.java:37)
	at org.gradle.internal.execution.steps.BroadcastChangingOutputsStep.execute(BroadcastChangingOutputsStep.java:61)
	at org.gradle.internal.execution.steps.BroadcastChangingOutputsStep.execute(BroadcastChangingOutputsStep.java:26)
	at org.gradle.internal.execution.steps.CaptureOutputsAfterExecutionStep.execute(CaptureOutputsAfterExecutionStep.java:69)
	at org.gradle.internal.execution.steps.CaptureOutputsAfterExecutionStep.execute(CaptureOutputsAfterExecutionStep.java:46)
	at org.gradle.internal.execution.steps.ResolveInputChangesStep.execute(ResolveInputChangesStep.java:40)
	at org.gradle.internal.execution.steps.ResolveInputChangesStep.execute(ResolveInputChangesStep.java:29)
	at org.gradle.internal.execution.steps.BuildCacheStep.executeWithoutCache(BuildCacheStep.java:189)
	at org.gradle.internal.execution.steps.BuildCacheStep.lambda$execute$1(BuildCacheStep.java:75)
	at org.gradle.internal.Either$Right.fold(Either.java:175)
	at org.gradle.internal.execution.caching.CachingState.fold(CachingState.java:62)
	at org.gradle.internal.execution.steps.BuildCacheStep.execute(BuildCacheStep.java:73)
	at org.gradle.internal.execution.steps.BuildCacheStep.execute(BuildCacheStep.java:48)
	at org.gradle.internal.execution.steps.StoreExecutionStateStep.execute(StoreExecutionStateStep.java:46)
	at org.gradle.internal.execution.steps.StoreExecutionStateStep.execute(StoreExecutionStateStep.java:35)
	at org.gradle.internal.execution.steps.SkipUpToDateStep.executeBecause(SkipUpToDateStep.java:75)
	at org.gradle.internal.execution.steps.SkipUpToDateStep.lambda$execute$2(SkipUpToDateStep.java:53)
	at java.base@21.0.8/java.util.Optional.orElseGet(Unknown Source)
	at org.gradle.internal.execution.steps.SkipUpToDateStep.execute(SkipUpToDateStep.java:53)
	at org.gradle.internal.execution.steps.SkipUpToDateStep.execute(SkipUpToDateStep.java:35)
	at org.gradle.internal.execution.steps.legacy.MarkSnapshottingInputsFinishedStep.execute(MarkSnapshottingInputsFinishedStep.java:37)
	at org.gradle.internal.execution.steps.legacy.MarkSnapshottingInputsFinishedStep.execute(MarkSnapshottingInputsFinishedStep.java:27)
	at org.gradle.internal.execution.steps.ResolveIncrementalCachingStateStep.executeDelegate(ResolveIncrementalCachingStateStep.java:49)
	at org.gradle.internal.execution.steps.ResolveIncrementalCachingStateStep.executeDelegate(ResolveIncrementalCachingStateStep.java:27)
	at org.gradle.internal.execution.steps.AbstractResolveCachingStateStep.execute(AbstractResolveCachingStateStep.java:71)
	at org.gradle.internal.execution.steps.AbstractResolveCachingStateStep.execute(AbstractResolveCachingStateStep.java:39)
	at org.gradle.internal.execution.steps.ResolveChangesStep.execute(ResolveChangesStep.java:65)
	at org.gradle.internal.execution.steps.ResolveChangesStep.execute(ResolveChangesStep.java:36)
	at org.gradle.internal.execution.steps.ValidateStep.execute(ValidateStep.java:107)
	at org.gradle.internal.execution.steps.ValidateStep.execute(ValidateStep.java:56)
	at org.gradle.internal.execution.steps.AbstractCaptureStateBeforeExecutionStep.execute(AbstractCaptureStateBeforeExecutionStep.java:64)
	at org.gradle.internal.execution.steps.AbstractCaptureStateBeforeExecutionStep.execute(AbstractCaptureStateBeforeExecutionStep.java:43)
	at org.gradle.internal.execution.steps.AbstractSkipEmptyWorkStep.executeWithNonEmptySources(AbstractSkipEmptyWorkStep.java:125)
	at org.gradle.internal.execution.steps.AbstractSkipEmptyWorkStep.execute(AbstractSkipEmptyWorkStep.java:56)
	at org.gradle.internal.execution.steps.AbstractSkipEmptyWorkStep.execute(AbstractSkipEmptyWorkStep.java:36)
	at org.gradle.internal.execution.steps.legacy.MarkSnapshottingInputsStartedStep.execute(MarkSnapshottingInputsStartedStep.java:38)
	at org.gradle.internal.execution.steps.LoadPreviousExecutionStateStep.execute(LoadPreviousExecutionStateStep.java:36)
	at org.gradle.internal.execution.steps.LoadPreviousExecutionStateStep.execute(LoadPreviousExecutionStateStep.java:23)
	at org.gradle.internal.execution.steps.HandleStaleOutputsStep.execute(HandleStaleOutputsStep.java:75)
	at org.gradle.internal.execution.steps.HandleStaleOutputsStep.execute(HandleStaleOutputsStep.java:41)
	at org.gradle.internal.execution.steps.AssignMutableWorkspaceStep.lambda$execute$0(AssignMutableWorkspaceStep.java:35)
	at org.gradle.api.internal.tasks.execution.TaskExecution$4.withWorkspace(TaskExecution.java:289)
	at org.gradle.internal.execution.steps.AssignMutableWorkspaceStep.execute(AssignMutableWorkspaceStep.java:31)
	at org.gradle.internal.execution.steps.AssignMutableWorkspaceStep.execute(AssignMutableWorkspaceStep.java:22)
	at org.gradle.internal.execution.steps.ChoosePipelineStep.execute(ChoosePipelineStep.java:40)
	at org.gradle.internal.execution.steps.ChoosePipelineStep.execute(ChoosePipelineStep.java:23)
	at org.gradle.internal.execution.steps.ExecuteWorkBuildOperationFiringStep.lambda$execute$2(ExecuteWorkBuildOperationFiringStep.java:67)
	at java.base@21.0.8/java.util.Optional.orElseGet(Unknown Source)
	at org.gradle.internal.execution.steps.ExecuteWorkBuildOperationFiringStep.execute(ExecuteWorkBuildOperationFiringStep.java:67)
	at org.gradle.internal.execution.steps.ExecuteWorkBuildOperationFiringStep.execute(ExecuteWorkBuildOperationFiringStep.java:39)
	at org.gradle.internal.execution.steps.IdentityCacheStep.execute(IdentityCacheStep.java:46)
	at org.gradle.internal.execution.steps.IdentityCacheStep.execute(IdentityCacheStep.java:34)
	at org.gradle.internal.execution.steps.IdentifyStep.execute(IdentifyStep.java:48)
	at org.gradle.internal.execution.steps.IdentifyStep.execute(IdentifyStep.java:35)
	at org.gradle.internal.execution.impl.DefaultExecutionEngine$1.execute(DefaultExecutionEngine.java:61)
	at org.gradle.api.internal.tasks.execution.ExecuteActionsTaskExecuter.executeIfValid(ExecuteActionsTaskExecuter.java:127)
	at org.gradle.api.internal.tasks.execution.ExecuteActionsTaskExecuter.execute(ExecuteActionsTaskExecuter.java:116)
	at org.gradle.api.internal.tasks.execution.ProblemsTaskPathTrackingTaskExecuter.execute(ProblemsTaskPathTrackingTaskExecuter.java:40)
	at org.gradle.api.internal.tasks.execution.FinalizePropertiesTaskExecuter.execute(FinalizePropertiesTaskExecuter.java:46)
	at org.gradle.api.internal.tasks.execution.ResolveTaskExecutionModeExecuter.execute(ResolveTaskExecutionModeExecuter.java:51)
	at org.gradle.api.internal.tasks.execution.SkipTaskWithNoActionsExecuter.execute(SkipTaskWithNoActionsExecuter.java:57)
	at org.gradle.api.internal.tasks.execution.SkipOnlyIfTaskExecuter.execute(SkipOnlyIfTaskExecuter.java:74)
	at org.gradle.api.internal.tasks.execution.CatchExceptionTaskExecuter.execute(CatchExceptionTaskExecuter.java:36)
	at org.gradle.api.internal.tasks.execution.EventFiringTaskExecuter$1.executeTask(EventFiringTaskExecuter.java:77)
	at org.gradle.api.internal.tasks.execution.EventFiringTaskExecuter$1.call(EventFiringTaskExecuter.java:55)
	at org.gradle.api.internal.tasks.execution.EventFiringTaskExecuter$1.call(EventFiringTaskExecuter.java:52)
	at org.gradle.internal.operations.DefaultBuildOperationRunner$CallableBuildOperationWorker.execute(DefaultBuildOperationRunner.java:210)
	at org.gradle.internal.operations.DefaultBuildOperationRunner$CallableBuildOperationWorker.execute(DefaultBuildOperationRunner.java:205)
	at org.gradle.internal.operations.DefaultBuildOperationRunner$2.execute(DefaultBuildOperationRunner.java:67)
	at org.gradle.internal.operations.DefaultBuildOperationRunner$2.execute(DefaultBuildOperationRunner.java:60)
	at org.gradle.internal.operations.DefaultBuildOperationRunner.execute(DefaultBuildOperationRunner.java:167)
	at org.gradle.internal.operations.DefaultBuildOperationRunner.execute(DefaultBuildOperationRunner.java:60)
	at org.gradle.internal.operations.DefaultBuildOperationRunner.call(DefaultBuildOperationRunner.java:54)
	at org.gradle.api.internal.tasks.execution.EventFiringTaskExecuter.execute(EventFiringTaskExecuter.java:52)
	at org.gradle.execution.plan.LocalTaskNodeExecutor.execute(LocalTaskNodeExecutor.java:42)
	at org.gradle.execution.taskgraph.DefaultTaskExecutionGraph$InvokeNodeExecutorsAction.execute(DefaultTaskExecutionGraph.java:331)
	at org.gradle.execution.taskgraph.DefaultTaskExecutionGraph$InvokeNodeExecutorsAction.execute(DefaultTaskExecutionGraph.java:318)
	at org.gradle.execution.taskgraph.DefaultTaskExecutionGraph$BuildOperationAwareExecutionAction.lambda$execute$0(DefaultTaskExecutionGraph.java:314)
	at org.gradle.internal.operations.CurrentBuildOperationRef.with(CurrentBuildOperationRef.java:85)
	at org.gradle.execution.taskgraph.DefaultTaskExecutionGraph$BuildOperationAwareExecutionAction.execute(DefaultTaskExecutionGraph.java:314)
	at org.gradle.execution.taskgraph.DefaultTaskExecutionGraph$BuildOperationAwareExecutionAction.execute(DefaultTaskExecutionGraph.java:303)
	at org.gradle.execution.plan.DefaultPlanExecutor$ExecutorWorker.execute(DefaultPlanExecutor.java:459)
	at org.gradle.execution.plan.DefaultPlanExecutor$ExecutorWorker.run(DefaultPlanExecutor.java:376)
	at org.gradle.internal.concurrent.ExecutorPolicy$CatchAndRecordFailures.onExecute(ExecutorPolicy.java:64)
	at org.gradle.internal.concurrent.AbstractManagedExecutor$1.run(AbstractManagedExecutor.java:48)
	at java.base@21.0.8/java.util.concurrent.ThreadPoolExecutor.runWorker(Unknown Source)
	at java.base@21.0.8/java.util.concurrent.ThreadPoolExecutor$Worker.run(Unknown Source)
	at java.base@21.0.8/java.lang.Thread.run(Unknown Source)

> Task :app:installDebug FAILED

[Incubating] Problems report is available at: file:///C:/NEERAJ%20VENU/PROJECTS/SuperDesk%20Mob/SuperDesk-Android/android/build/reports/problems/problems-report.html

FAILURE: Build failed with an exception.

* What went wrong:
Execution failed for task ':app:installDebug'.
> java.util.concurrent.ExecutionException: com.android.builder.testing.api.DeviceException: com.android.ddmlib.InstallException: INSTALL_FAILED_USER_RESTRICTED: Install canceled by user

* Try:
> Run with --stacktrace option to get the stack trace.
> Run with --info or --debug option to get more log output.
> Run with --scan to get full insights.
> Get more help at https://help.gradle.org.

Deprecated Gradle features were used in this build, making it incompatible with Gradle 9.0.

You can use '--warning-mode all' to show the individual deprecation warnings and determine if they come from your own scripts or plugins.

For more on this, please refer to https://docs.gradle.org/8.13/userguide/command_line_interface.html#sec:command_line_warnings in the Gradle documentation.

BUILD FAILED in 9m 29s
266 actionable tasks: 247 executed, 19 up-to-date
